<?xml version="1.0" encoding="UTF-8"?>
<coverage generated="1590142273828" clover="3.2.0">
  <project timestamp="1590142273828" name="All files">
    <metrics statements="352" coveredstatements="328" conditionals="129" coveredconditionals="116" methods="68" coveredmethods="65" elements="549" coveredelements="509" complexity="0" loc="352" ncloc="352" packages="5" files="8" classes="8"/>
    <package name="errors">
      <metrics statements="43" coveredstatements="39" conditionals="16" coveredconditionals="12" methods="17" coveredmethods="15"/>
      <file name="errors.ts" path="C:\Users\neta-\apis\reva\neftaly_polanco_p1_api\src\errors\errors.ts">
        <metrics statements="43" coveredstatements="39" conditionals="16" coveredconditionals="12" methods="17" coveredmethods="15"/>
        <line num="1" count="4" type="stmt"/>
        <line num="9" count="40" type="stmt"/>
        <line num="10" count="40" type="stmt"/>
        <line num="11" count="40" type="stmt"/>
        <line num="12" count="40" type="cond" truecount="2" falsecount="0"/>
        <line num="15" count="4" type="stmt"/>
        <line num="16" count="40" type="stmt"/>
        <line num="19" count="4" type="stmt"/>
        <line num="21" count="4" type="stmt"/>
        <line num="24" count="2" type="cond" truecount="2" falsecount="0"/>
        <line num="25" count="2" type="stmt"/>
        <line num="28" count="4" type="stmt"/>
        <line num="30" count="4" type="stmt"/>
        <line num="33" count="6" type="cond" truecount="2" falsecount="0"/>
        <line num="34" count="6" type="stmt"/>
        <line num="37" count="4" type="stmt"/>
        <line num="39" count="4" type="stmt"/>
        <line num="42" count="21" type="cond" truecount="2" falsecount="0"/>
        <line num="43" count="21" type="stmt"/>
        <line num="46" count="4" type="stmt"/>
        <line num="48" count="4" type="stmt"/>
        <line num="51" count="2" type="cond" truecount="2" falsecount="0"/>
        <line num="52" count="2" type="stmt"/>
        <line num="55" count="4" type="stmt"/>
        <line num="57" count="4" type="stmt"/>
        <line num="60" count="0" type="cond" truecount="0" falsecount="2"/>
        <line num="61" count="0" type="stmt"/>
        <line num="64" count="4" type="stmt"/>
        <line num="65" count="4" type="stmt"/>
        <line num="68" count="9" type="cond" truecount="2" falsecount="0"/>
        <line num="69" count="9" type="stmt"/>
        <line num="72" count="4" type="stmt"/>
        <line num="74" count="4" type="stmt"/>
        <line num="77" count="0" type="cond" truecount="0" falsecount="2"/>
        <line num="78" count="0" type="stmt"/>
        <line num="81" count="4" type="stmt"/>
        <line num="84" count="4" type="stmt"/>
        <line num="85" count="4" type="stmt"/>
        <line num="86" count="4" type="stmt"/>
        <line num="87" count="4" type="stmt"/>
        <line num="88" count="4" type="stmt"/>
        <line num="89" count="4" type="stmt"/>
        <line num="90" count="4" type="stmt"/>
      </file>
    </package>
    <package name="models">
      <metrics statements="21" coveredstatements="21" conditionals="0" coveredconditionals="0" methods="4" coveredmethods="4"/>
      <file name="reimbursement.ts" path="C:\Users\neta-\apis\reva\neftaly_polanco_p1_api\src\models\reimbursement.ts">
        <metrics statements="12" coveredstatements="12" conditionals="0" coveredconditionals="0" methods="2" coveredmethods="2"/>
        <line num="1" count="2" type="stmt"/>
        <line num="17" count="25" type="stmt"/>
        <line num="18" count="25" type="stmt"/>
        <line num="19" count="25" type="stmt"/>
        <line num="20" count="25" type="stmt"/>
        <line num="21" count="25" type="stmt"/>
        <line num="22" count="25" type="stmt"/>
        <line num="23" count="25" type="stmt"/>
        <line num="24" count="25" type="stmt"/>
        <line num="25" count="25" type="stmt"/>
        <line num="26" count="25" type="stmt"/>
        <line num="28" count="2" type="stmt"/>
      </file>
      <file name="user.ts" path="C:\Users\neta-\apis\reva\neftaly_polanco_p1_api\src\models\user.ts">
        <metrics statements="9" coveredstatements="9" conditionals="0" coveredconditionals="0" methods="2" coveredmethods="2"/>
        <line num="1" count="3" type="stmt"/>
        <line num="11" count="32" type="stmt"/>
        <line num="12" count="32" type="stmt"/>
        <line num="13" count="32" type="stmt"/>
        <line num="14" count="32" type="stmt"/>
        <line num="15" count="32" type="stmt"/>
        <line num="16" count="32" type="stmt"/>
        <line num="17" count="32" type="stmt"/>
        <line num="19" count="3" type="stmt"/>
      </file>
    </package>
    <package name="repos">
      <metrics statements="136" coveredstatements="121" conditionals="41" coveredconditionals="35" methods="16" coveredmethods="15"/>
      <file name="reimbursement-repo.ts" path="C:\Users\neta-\apis\reva\neftaly_polanco_p1_api\src\repos\reimbursement-repo.ts">
        <metrics statements="76" coveredstatements="72" conditionals="26" coveredconditionals="23" methods="8" coveredmethods="8"/>
        <line num="3" count="1" type="stmt"/>
        <line num="5" count="1" type="stmt"/>
        <line num="6" count="1" type="stmt"/>
        <line num="9" count="1" type="stmt"/>
        <line num="11" count="1" type="stmt"/>
        <line num="43" count="1" type="stmt"/>
        <line num="48" count="3" type="stmt"/>
        <line num="50" count="3" type="stmt"/>
        <line num="52" count="3" type="stmt"/>
        <line num="54" count="2" type="stmt"/>
        <line num="58" count="1" type="stmt"/>
        <line num="60" count="3" type="cond" truecount="2" falsecount="0"/>
        <line num="70" count="1" type="stmt"/>
        <line num="74" count="3" type="stmt"/>
        <line num="76" count="3" type="stmt"/>
        <line num="78" count="3" type="stmt"/>
        <line num="80" count="3" type="stmt"/>
        <line num="83" count="1" type="stmt"/>
        <line num="85" count="3" type="cond" truecount="2" falsecount="0"/>
        <line num="95" count="1" type="stmt"/>
        <line num="99" count="3" type="stmt"/>
        <line num="101" count="3" type="stmt"/>
        <line num="102" count="3" type="stmt"/>
        <line num="103" count="6" type="cond" truecount="1" falsecount="1"/>
        <line num="104" count="0" type="stmt"/>
        <line num="105" count="0" type="stmt"/>
        <line num="107" count="6" type="cond" truecount="1" falsecount="1"/>
        <line num="108" count="0" type="stmt"/>
        <line num="109" count="0" type="stmt"/>
        <line num="113" count="3" type="stmt"/>
        <line num="116" count="3" type="stmt"/>
        <line num="117" count="2" type="stmt"/>
        <line num="119" count="1" type="stmt"/>
        <line num="121" count="3" type="cond" truecount="2" falsecount="0"/>
        <line num="129" count="1" type="stmt"/>
        <line num="132" count="4" type="stmt"/>
        <line num="133" count="6" type="cond" truecount="4" falsecount="0"/>
        <line num="135" count="2" type="stmt"/>
        <line num="136" count="2" type="stmt"/>
        <line num="137" count="1" type="stmt"/>
        <line num="138" count="3" type="cond" truecount="2" falsecount="0"/>
        <line num="140" count="1" type="stmt"/>
        <line num="141" count="1" type="stmt"/>
        <line num="143" count="1" type="stmt"/>
        <line num="144" count="1" type="cond" truecount="1" falsecount="1"/>
        <line num="145" count="1" type="stmt"/>
        <line num="146" count="1" type="stmt"/>
        <line num="147" count="1" type="stmt"/>
        <line num="152" count="1" type="stmt"/>
        <line num="154" count="4" type="cond" truecount="2" falsecount="0"/>
        <line num="163" count="1" type="stmt"/>
        <line num="167" count="3" type="stmt"/>
        <line num="169" count="3" type="stmt"/>
        <line num="170" count="2" type="stmt"/>
        <line num="175" count="2" type="stmt"/>
        <line num="182" count="4" type="stmt"/>
        <line num="187" count="2" type="stmt"/>
        <line num="190" count="1" type="stmt"/>
        <line num="192" count="3" type="cond" truecount="2" falsecount="0"/>
        <line num="202" count="1" type="stmt"/>
        <line num="206" count="2" type="stmt"/>
        <line num="208" count="2" type="stmt"/>
        <line num="209" count="1" type="stmt"/>
        <line num="215" count="1" type="stmt"/>
        <line num="223" count="2" type="stmt"/>
        <line num="229" count="1" type="stmt"/>
        <line num="233" count="1" type="stmt"/>
        <line num="235" count="2" type="cond" truecount="2" falsecount="0"/>
        <line num="244" count="1" type="stmt"/>
        <line num="249" count="2" type="stmt"/>
        <line num="250" count="2" type="stmt"/>
        <line num="251" count="3" type="stmt"/>
        <line num="252" count="1" type="stmt"/>
        <line num="255" count="1" type="stmt"/>
        <line num="257" count="2" type="cond" truecount="2" falsecount="0"/>
        <line num="260" count="1" type="stmt"/>
      </file>
      <file name="user-repo.ts" path="C:\Users\neta-\apis\reva\neftaly_polanco_p1_api\src\repos\user-repo.ts">
        <metrics statements="60" coveredstatements="49" conditionals="15" coveredconditionals="12" methods="8" coveredmethods="7"/>
        <line num="3" count="1" type="stmt"/>
        <line num="5" count="1" type="stmt"/>
        <line num="6" count="1" type="stmt"/>
        <line num="8" count="1" type="stmt"/>
        <line num="10" count="1" type="stmt"/>
        <line num="28" count="1" type="stmt"/>
        <line num="33" count="3" type="stmt"/>
        <line num="34" count="3" type="stmt"/>
        <line num="35" count="3" type="stmt"/>
        <line num="36" count="2" type="stmt"/>
        <line num="38" count="1" type="stmt"/>
        <line num="40" count="3" type="cond" truecount="2" falsecount="0"/>
        <line num="49" count="1" type="stmt"/>
        <line num="52" count="2" type="stmt"/>
        <line num="53" count="2" type="stmt"/>
        <line num="54" count="2" type="stmt"/>
        <line num="55" count="2" type="stmt"/>
        <line num="57" count="1" type="stmt"/>
        <line num="59" count="2" type="cond" truecount="2" falsecount="0"/>
        <line num="69" count="1" type="stmt"/>
        <line num="73" count="1" type="stmt"/>
        <line num="74" count="1" type="stmt"/>
        <line num="77" count="1" type="stmt"/>
        <line num="81" count="1" type="stmt"/>
        <line num="83" count="0" type="stmt"/>
        <line num="85" count="1" type="cond" truecount="2" falsecount="0"/>
        <line num="98" count="1" type="stmt"/>
        <line num="103" count="1" type="stmt"/>
        <line num="104" count="1" type="stmt"/>
        <line num="105" count="1" type="stmt"/>
        <line num="106" count="1" type="stmt"/>
        <line num="108" count="0" type="stmt"/>
        <line num="110" count="1" type="cond" truecount="2" falsecount="0"/>
        <line num="120" count="1" type="stmt"/>
        <line num="125" count="1" type="stmt"/>
        <line num="130" count="1" type="stmt"/>
        <line num="131" count="1" type="stmt"/>
        <line num="134" count="1" type="stmt"/>
        <line num="136" count="1" type="stmt"/>
        <line num="139" count="1" type="stmt"/>
        <line num="140" count="1" type="stmt"/>
        <line num="142" count="1" type="stmt"/>
        <line num="145" count="0" type="stmt"/>
        <line num="147" count="1" type="cond" truecount="2" falsecount="0"/>
        <line num="157" count="1" type="stmt"/>
        <line num="161" count="0" type="cond" truecount="0" falsecount="1"/>
        <line num="164" count="0" type="stmt"/>
        <line num="165" count="0" type="stmt"/>
        <line num="168" count="0" type="stmt"/>
        <line num="171" count="0" type="stmt"/>
        <line num="174" count="0" type="stmt"/>
        <line num="176" count="0" type="cond" truecount="0" falsecount="2"/>
        <line num="185" count="1" type="stmt"/>
        <line num="190" count="1" type="stmt"/>
        <line num="191" count="1" type="stmt"/>
        <line num="192" count="2" type="stmt"/>
        <line num="193" count="1" type="stmt"/>
        <line num="196" count="0" type="stmt"/>
        <line num="198" count="1" type="cond" truecount="2" falsecount="0"/>
        <line num="201" count="1" type="stmt"/>
      </file>
    </package>
    <package name="services">
      <metrics statements="132" coveredstatements="127" conditionals="56" coveredconditionals="53" methods="23" coveredmethods="23"/>
      <file name="reimbursement-service.ts" path="C:\Users\neta-\apis\reva\neftaly_polanco_p1_api\src\services\reimbursement-service.ts">
        <metrics statements="53" coveredstatements="53" conditionals="23" coveredconditionals="23" methods="10" coveredmethods="10"/>
        <line num="1" count="1" type="stmt"/>
        <line num="3" count="1" type="stmt"/>
        <line num="9" count="1" type="stmt"/>
        <line num="12" count="1" type="stmt"/>
        <line num="14" count="23" type="stmt"/>
        <line num="15" count="23" type="stmt"/>
        <line num="22" count="1" type="stmt"/>
        <line num="24" count="2" type="cond" truecount="1" falsecount="0"/>
        <line num="26" count="2" type="cond" truecount="2" falsecount="0"/>
        <line num="27" count="1" type="stmt"/>
        <line num="30" count="1" type="stmt"/>
        <line num="39" count="1" type="stmt"/>
        <line num="43" count="7" type="cond" truecount="2" falsecount="0"/>
        <line num="44" count="4" type="stmt"/>
        <line num="47" count="3" type="stmt"/>
        <line num="49" count="3" type="cond" truecount="2" falsecount="0"/>
        <line num="50" count="1" type="stmt"/>
        <line num="53" count="2" type="stmt"/>
        <line num="56" count="5" type="stmt"/>
        <line num="66" count="1" type="stmt"/>
        <line num="69" count="5" type="stmt"/>
        <line num="71" count="5" type="cond" truecount="2" falsecount="0"/>
        <line num="72" count="2" type="stmt"/>
        <line num="76" count="3" type="stmt"/>
        <line num="77" count="3" type="stmt"/>
        <line num="80" count="5" type="cond" truecount="2" falsecount="0"/>
        <line num="81" count="1" type="cond" truecount="2" falsecount="0"/>
        <line num="85" count="2" type="stmt"/>
        <line num="87" count="2" type="cond" truecount="2" falsecount="0"/>
        <line num="88" count="1" type="stmt"/>
        <line num="91" count="1" type="stmt"/>
        <line num="94" count="3" type="stmt"/>
        <line num="98" count="1" type="stmt"/>
        <line num="100" count="1" type="stmt"/>
        <line num="101" count="1" type="stmt"/>
        <line num="102" count="1" type="stmt"/>
        <line num="104" count="1" type="stmt"/>
        <line num="112" count="1" type="stmt"/>
        <line num="116" count="2" type="cond" truecount="2" falsecount="0"/>
        <line num="117" count="1" type="stmt"/>
        <line num="120" count="1" type="stmt"/>
        <line num="122" count="1" type="stmt"/>
        <line num="124" count="1" type="stmt"/>
        <line num="135" count="1" type="stmt"/>
        <line num="137" count="5" type="cond" truecount="2" falsecount="0"/>
        <line num="138" count="3" type="stmt"/>
        <line num="141" count="2" type="cond" truecount="1" falsecount="0"/>
        <line num="143" count="3" type="stmt"/>
        <line num="153" count="1" type="stmt"/>
        <line num="155" count="2" type="cond" truecount="2" falsecount="0"/>
        <line num="156" count="1" type="stmt"/>
        <line num="159" count="1" type="cond" truecount="1" falsecount="0"/>
        <line num="162" count="1" type="stmt"/>
      </file>
      <file name="user-service.ts" path="C:\Users\neta-\apis\reva\neftaly_polanco_p1_api\src\services\user-service.ts">
        <metrics statements="79" coveredstatements="74" conditionals="33" coveredconditionals="30" methods="13" coveredmethods="13"/>
        <line num="1" count="1" type="stmt"/>
        <line num="3" count="1" type="stmt"/>
        <line num="4" count="1" type="stmt"/>
        <line num="15" count="1" type="stmt"/>
        <line num="16" count="25" type="stmt"/>
        <line num="17" count="25" type="stmt"/>
        <line num="24" count="1" type="stmt"/>
        <line num="26" count="2" type="cond" truecount="1" falsecount="0"/>
        <line num="28" count="2" type="cond" truecount="2" falsecount="0"/>
        <line num="29" count="1" type="stmt"/>
        <line num="31" count="1" type="stmt"/>
        <line num="39" count="1" type="stmt"/>
        <line num="40" count="6" type="cond" truecount="2" falsecount="0"/>
        <line num="41" count="4" type="stmt"/>
        <line num="44" count="2" type="stmt"/>
        <line num="47" count="2" type="cond" truecount="2" falsecount="0"/>
        <line num="48" count="1" type="stmt"/>
        <line num="51" count="1" type="stmt"/>
        <line num="59" count="1" type="stmt"/>
        <line num="62" count="7" type="stmt"/>
        <line num="64" count="7" type="cond" truecount="2" falsecount="0"/>
        <line num="65" count="1" type="stmt"/>
        <line num="69" count="6" type="stmt"/>
        <line num="70" count="6" type="stmt"/>
        <line num="73" count="12" type="cond" truecount="1" falsecount="1"/>
        <line num="74" count="0" type="cond" truecount="1" falsecount="1"/>
        <line num="77" count="6" type="stmt"/>
        <line num="80" count="4" type="cond" truecount="2" falsecount="0"/>
        <line num="81" count="1" type="stmt"/>
        <line num="84" count="3" type="stmt"/>
        <line num="87" count="4" type="stmt"/>
        <line num="97" count="1" type="stmt"/>
        <line num="102" count="5" type="cond" truecount="2" falsecount="0"/>
        <line num="103" count="2" type="stmt"/>
        <line num="106" count="3" type="stmt"/>
        <line num="108" count="3" type="stmt"/>
        <line num="111" count="3" type="cond" truecount="2" falsecount="0"/>
        <line num="112" count="2" type="stmt"/>
        <line num="115" count="1" type="stmt"/>
        <line num="118" count="4" type="stmt"/>
        <line num="128" count="1" type="stmt"/>
        <line num="133" count="5" type="cond" truecount="2" falsecount="0"/>
        <line num="134" count="2" type="stmt"/>
        <line num="138" count="3" type="stmt"/>
        <line num="140" count="3" type="cond" truecount="2" falsecount="0"/>
        <line num="141" count="2" type="stmt"/>
        <line num="145" count="1" type="stmt"/>
        <line num="147" count="1" type="cond" truecount="1" falsecount="1"/>
        <line num="148" count="0" type="stmt"/>
        <line num="152" count="1" type="stmt"/>
        <line num="154" count="1" type="stmt"/>
        <line num="157" count="4" type="stmt"/>
        <line num="167" count="1" type="stmt"/>
        <line num="171" count="2" type="cond" truecount="2" falsecount="0"/>
        <line num="172" count="1" type="stmt"/>
        <line num="175" count="1" type="cond" truecount="1" falsecount="0"/>
        <line num="177" count="1" type="stmt"/>
        <line num="187" count="1" type="stmt"/>
        <line num="191" count="4" type="stmt"/>
        <line num="194" count="0" type="stmt"/>
        <line num="196" count="2" type="cond" truecount="1" falsecount="0"/>
        <line num="204" count="1" type="stmt"/>
        <line num="207" count="6" type="stmt"/>
        <line num="209" count="1" type="stmt"/>
        <line num="210" count="1" type="stmt"/>
        <line num="213" count="2" type="stmt"/>
        <line num="214" count="2" type="stmt"/>
        <line num="223" count="1" type="stmt"/>
        <line num="226" count="2" type="stmt"/>
        <line num="228" count="1" type="stmt"/>
        <line num="229" count="1" type="stmt"/>
        <line num="232" count="0" type="stmt"/>
        <line num="233" count="0" type="stmt"/>
        <line num="241" count="1" type="stmt"/>
        <line num="242" count="11" type="cond" truecount="4" falsecount="0"/>
        <line num="243" count="9" type="stmt"/>
        <line num="244" count="9" type="stmt"/>
        <line num="245" count="9" type="stmt"/>
        <line num="247" count="1" type="stmt"/>
      </file>
    </package>
    <package name="util">
      <metrics statements="20" coveredstatements="20" conditionals="16" coveredconditionals="16" methods="8" coveredmethods="8"/>
      <file name="validator.ts" path="C:\Users\neta-\apis\reva\neftaly_polanco_p1_api\src\util\validator.ts">
        <metrics statements="20" coveredstatements="20" conditionals="16" coveredconditionals="16" methods="8" coveredmethods="8"/>
        <line num="5" count="3" type="stmt"/>
        <line num="6" count="27" type="cond" truecount="4" falsecount="0"/>
        <line num="13" count="44" type="stmt"/>
        <line num="14" count="22" type="cond" truecount="2" falsecount="0"/>
        <line num="22" count="45" type="stmt"/>
        <line num="23" count="18" type="cond" truecount="2" falsecount="0"/>
        <line num="24" count="109" type="cond" truecount="2" falsecount="0"/>
        <line num="25" count="100" type="stmt"/>
        <line num="34" count="3" type="stmt"/>
        <line num="36" count="20" type="cond" truecount="4" falsecount="0"/>
        <line num="37" count="1" type="stmt"/>
        <line num="40" count="19" type="stmt"/>
        <line num="41" count="19" type="stmt"/>
        <line num="45" count="19" type="stmt"/>
        <line num="46" count="19" type="stmt"/>
        <line num="48" count="3" type="stmt"/>
        <line num="51" count="16" type="stmt"/>
        <line num="59" count="3" type="stmt"/>
        <line num="60" count="14" type="cond" truecount="2" falsecount="0"/>
        <line num="66" count="3" type="stmt"/>
      </file>
    </package>
  </project>
</coverage>
