{"C:\\Users\\neta-\\apis\\reva\\neftaly_polanco_p1_api\\src\\errors\\errors.ts": {"path":"C:\\Users\\neta-\\apis\\reva\\neftaly_polanco_p1_api\\src\\errors\\errors.ts","statementMap":{"0":{"start":{"line":1,"column":0},"end":{"line":1,"column":null}},"1":{"start":{"line":9,"column":8},"end":{"line":9,"column":37}},"2":{"start":{"line":10,"column":8},"end":{"line":10,"column":55}},"3":{"start":{"line":11,"column":8},"end":{"line":11,"column":36}},"4":{"start":{"line":12,"column":8},"end":{"line":12,"column":72}},"5":{"start":{"line":15,"column":4},"end":{"line":17,"column":null}},"6":{"start":{"line":16,"column":8},"end":{"line":16,"column":31}},"7":{"start":{"line":19,"column":0},"end":{"line":19,"column":null}},"8":{"start":{"line":21,"column":0},"end":{"line":21,"column":null}},"9":{"start":{"line":21,"column":39},"end":{"line":21,"column":55}},"10":{"start":{"line":24,"column":8},"end":{"line":24,"column":null}},"11":{"start":{"line":25,"column":8},"end":{"line":25,"column":60}},"12":{"start":{"line":28,"column":0},"end":{"line":28,"column":null}},"13":{"start":{"line":85,"column":4},"end":{"line":85,"column":28}},"14":{"start":{"line":30,"column":0},"end":{"line":30,"column":null}},"15":{"start":{"line":30,"column":36},"end":{"line":30,"column":52}},"16":{"start":{"line":33,"column":8},"end":{"line":33,"column":null}},"17":{"start":{"line":34,"column":8},"end":{"line":34,"column":71}},"18":{"start":{"line":37,"column":0},"end":{"line":37,"column":null}},"19":{"start":{"line":84,"column":4},"end":{"line":84,"column":25}},"20":{"start":{"line":39,"column":0},"end":{"line":39,"column":null}},"21":{"start":{"line":39,"column":30},"end":{"line":39,"column":46}},"22":{"start":{"line":42,"column":8},"end":{"line":42,"column":null}},"23":{"start":{"line":43,"column":8},"end":{"line":43,"column":57}},"24":{"start":{"line":46,"column":0},"end":{"line":46,"column":null}},"25":{"start":{"line":86,"column":4},"end":{"line":86,"column":19}},"26":{"start":{"line":48,"column":0},"end":{"line":48,"column":null}},"27":{"start":{"line":48,"column":34},"end":{"line":48,"column":50}},"28":{"start":{"line":51,"column":8},"end":{"line":51,"column":null}},"29":{"start":{"line":52,"column":8},"end":{"line":52,"column":51}},"30":{"start":{"line":55,"column":0},"end":{"line":55,"column":null}},"31":{"start":{"line":87,"column":4},"end":{"line":87,"column":23}},"32":{"start":{"line":57,"column":0},"end":{"line":57,"column":null}},"33":{"start":{"line":57,"column":33},"end":{"line":57,"column":49}},"34":{"start":{"line":60,"column":8},"end":{"line":60,"column":null}},"35":{"start":{"line":61,"column":8},"end":{"line":61,"column":80}},"36":{"start":{"line":64,"column":0},"end":{"line":64,"column":null}},"37":{"start":{"line":89,"column":4},"end":{"line":89,"column":22}},"38":{"start":{"line":65,"column":0},"end":{"line":65,"column":null}},"39":{"start":{"line":65,"column":34},"end":{"line":65,"column":50}},"40":{"start":{"line":68,"column":8},"end":{"line":68,"column":null}},"41":{"start":{"line":69,"column":8},"end":{"line":69,"column":58}},"42":{"start":{"line":72,"column":0},"end":{"line":72,"column":null}},"43":{"start":{"line":90,"column":4},"end":{"line":90,"column":23}},"44":{"start":{"line":74,"column":0},"end":{"line":74,"column":null}},"45":{"start":{"line":74,"column":34},"end":{"line":74,"column":50}},"46":{"start":{"line":77,"column":8},"end":{"line":77,"column":null}},"47":{"start":{"line":78,"column":8},"end":{"line":78,"column":51}},"48":{"start":{"line":81,"column":0},"end":{"line":81,"column":null}},"49":{"start":{"line":88,"column":4},"end":{"line":88,"column":23}}},"fnMap":{"0":{"name":"(anonymous_6)","decl":{"start":{"line":1,"column":0},"end":{"line":1,"column":null}},"loc":{"start":{"line":1,"column":0},"end":{"line":19,"column":null}}},"1":{"name":"ApplicationError","decl":{"start":{"line":8,"column":4},"end":{"line":8,"column":16}},"loc":{"start":{"line":8,"column":48},"end":{"line":13,"column":5}}},"2":{"name":"(anonymous_8)","decl":{"start":{"line":15,"column":4},"end":{"line":15,"column":14}},"loc":{"start":{"line":15,"column":30},"end":{"line":17,"column":5}}},"3":{"name":"(anonymous_9)","decl":{"start":{"line":21,"column":0},"end":{"line":21,"column":39}},"loc":{"start":{"line":21,"column":0},"end":{"line":28,"column":null}}},"4":{"name":"ResourcePersistenceError","decl":{"start":{"line":23,"column":4},"end":{"line":23,"column":16}},"loc":{"start":{"line":23,"column":31},"end":{"line":26,"column":5}}},"5":{"name":"(anonymous_11)","decl":{"start":{"line":30,"column":0},"end":{"line":30,"column":36}},"loc":{"start":{"line":30,"column":0},"end":{"line":37,"column":null}}},"6":{"name":"ResourceNotFoundError","decl":{"start":{"line":32,"column":4},"end":{"line":32,"column":16}},"loc":{"start":{"line":32,"column":31},"end":{"line":35,"column":5}}},"7":{"name":"(anonymous_13)","decl":{"start":{"line":39,"column":0},"end":{"line":39,"column":30}},"loc":{"start":{"line":39,"column":0},"end":{"line":46,"column":null}}},"8":{"name":"BadRequestError","decl":{"start":{"line":41,"column":4},"end":{"line":41,"column":16}},"loc":{"start":{"line":41,"column":31},"end":{"line":44,"column":5}}},"9":{"name":"(anonymous_15)","decl":{"start":{"line":48,"column":0},"end":{"line":48,"column":34}},"loc":{"start":{"line":48,"column":0},"end":{"line":55,"column":null}}},"10":{"name":"AuthenticationError","decl":{"start":{"line":50,"column":4},"end":{"line":50,"column":16}},"loc":{"start":{"line":50,"column":31},"end":{"line":53,"column":5}}},"11":{"name":"(anonymous_17)","decl":{"start":{"line":57,"column":0},"end":{"line":57,"column":33}},"loc":{"start":{"line":57,"column":0},"end":{"line":64,"column":null}}},"12":{"name":"AuthorizationError","decl":{"start":{"line":59,"column":4},"end":{"line":59,"column":16}},"loc":{"start":{"line":59,"column":31},"end":{"line":62,"column":5}}},"13":{"name":"(anonymous_19)","decl":{"start":{"line":65,"column":0},"end":{"line":65,"column":34}},"loc":{"start":{"line":65,"column":0},"end":{"line":72,"column":null}}},"14":{"name":"InternalServerError","decl":{"start":{"line":67,"column":4},"end":{"line":67,"column":16}},"loc":{"start":{"line":67,"column":31},"end":{"line":70,"column":5}}},"15":{"name":"(anonymous_21)","decl":{"start":{"line":74,"column":0},"end":{"line":74,"column":34}},"loc":{"start":{"line":74,"column":0},"end":{"line":81,"column":null}}},"16":{"name":"NotImplementedError","decl":{"start":{"line":76,"column":4},"end":{"line":76,"column":16}},"loc":{"start":{"line":76,"column":31},"end":{"line":79,"column":5}}}},"branchMap":{"0":{"loc":{"start":{"line":12,"column":15},"end":{"line":12,"column":32}},"type":"cond-expr","locations":[{"start":{"line":12,"column":15},"end":{"line":12,"column":32}},{"start":{"line":12,"column":36},"end":{"line":12,"column":71}}]},"1":{"loc":{"start":{"line":24,"column":8},"end":{"line":24,"column":26}},"type":"binary-expr","locations":[{"start":{"line":24,"column":8},"end":{"line":24,"column":26}},{"start":{"line":24,"column":26},"end":{"line":24,"column":null}}]},"2":{"loc":{"start":{"line":33,"column":8},"end":{"line":33,"column":26}},"type":"binary-expr","locations":[{"start":{"line":33,"column":8},"end":{"line":33,"column":26}},{"start":{"line":33,"column":26},"end":{"line":33,"column":null}}]},"3":{"loc":{"start":{"line":42,"column":8},"end":{"line":42,"column":26}},"type":"binary-expr","locations":[{"start":{"line":42,"column":8},"end":{"line":42,"column":26}},{"start":{"line":42,"column":26},"end":{"line":42,"column":null}}]},"4":{"loc":{"start":{"line":51,"column":8},"end":{"line":51,"column":26}},"type":"binary-expr","locations":[{"start":{"line":51,"column":8},"end":{"line":51,"column":26}},{"start":{"line":51,"column":26},"end":{"line":51,"column":null}}]},"5":{"loc":{"start":{"line":60,"column":8},"end":{"line":60,"column":26}},"type":"binary-expr","locations":[{"start":{"line":60,"column":8},"end":{"line":60,"column":26}},{"start":{"line":60,"column":26},"end":{"line":60,"column":null}}]},"6":{"loc":{"start":{"line":68,"column":8},"end":{"line":68,"column":26}},"type":"binary-expr","locations":[{"start":{"line":68,"column":8},"end":{"line":68,"column":26}},{"start":{"line":68,"column":26},"end":{"line":68,"column":null}}]},"7":{"loc":{"start":{"line":77,"column":8},"end":{"line":77,"column":26}},"type":"binary-expr","locations":[{"start":{"line":77,"column":8},"end":{"line":77,"column":26}},{"start":{"line":77,"column":26},"end":{"line":77,"column":null}}]}},"s":{"0":4,"1":40,"2":40,"3":40,"4":40,"5":4,"6":40,"7":4,"8":4,"9":4,"10":2,"11":2,"12":4,"13":4,"14":4,"15":4,"16":6,"17":6,"18":4,"19":4,"20":4,"21":4,"22":21,"23":21,"24":4,"25":4,"26":4,"27":4,"28":2,"29":2,"30":4,"31":4,"32":4,"33":4,"34":0,"35":0,"36":4,"37":4,"38":4,"39":4,"40":9,"41":9,"42":4,"43":4,"44":4,"45":4,"46":0,"47":0,"48":4,"49":4},"f":{"0":4,"1":40,"2":40,"3":4,"4":2,"5":4,"6":6,"7":4,"8":21,"9":4,"10":2,"11":4,"12":0,"13":4,"14":9,"15":4,"16":0},"b":{"0":[11,29],"1":[2,2],"2":[6,6],"3":[21,21],"4":[2,2],"5":[0,0],"6":[9,9],"7":[0,0]}}
,"C:\\Users\\neta-\\apis\\reva\\neftaly_polanco_p1_api\\src\\models\\reimbursement.ts": {"path":"C:\\Users\\neta-\\apis\\reva\\neftaly_polanco_p1_api\\src\\models\\reimbursement.ts","statementMap":{"0":{"start":{"line":1,"column":0},"end":{"line":1,"column":13}},"1":{"start":{"line":17,"column":8},"end":{"line":17,"column":21}},"2":{"start":{"line":18,"column":8},"end":{"line":18,"column":29}},"3":{"start":{"line":19,"column":8},"end":{"line":19,"column":35}},"4":{"start":{"line":20,"column":8},"end":{"line":20,"column":33}},"5":{"start":{"line":21,"column":8},"end":{"line":21,"column":39}},"6":{"start":{"line":22,"column":8},"end":{"line":22,"column":31}},"7":{"start":{"line":23,"column":8},"end":{"line":23,"column":29}},"8":{"start":{"line":24,"column":8},"end":{"line":24,"column":33}},"9":{"start":{"line":25,"column":8},"end":{"line":25,"column":41}},"10":{"start":{"line":26,"column":8},"end":{"line":26,"column":37}},"11":{"start":{"line":28,"column":0},"end":{"line":28,"column":null}},"12":{"start":{"line":1,"column":13},"end":{"line":1,"column":26}}},"fnMap":{"0":{"name":"(anonymous_0)","decl":{"start":{"line":1,"column":0},"end":{"line":1,"column":13}},"loc":{"start":{"line":1,"column":0},"end":{"line":28,"column":null}}},"1":{"name":"Reimbursement","decl":{"start":{"line":14,"column":4},"end":{"line":14,"column":16}},"loc":{"start":{"line":15,"column":108},"end":{"line":27,"column":5}}}},"branchMap":{},"s":{"0":2,"1":25,"2":25,"3":25,"4":25,"5":25,"6":25,"7":25,"8":25,"9":25,"10":25,"11":2,"12":2},"f":{"0":2,"1":25},"b":{}}
,"C:\\Users\\neta-\\apis\\reva\\neftaly_polanco_p1_api\\src\\models\\user.ts": {"path":"C:\\Users\\neta-\\apis\\reva\\neftaly_polanco_p1_api\\src\\models\\user.ts","statementMap":{"0":{"start":{"line":1,"column":0},"end":{"line":1,"column":13}},"1":{"start":{"line":11,"column":8},"end":{"line":11,"column":21}},"2":{"start":{"line":12,"column":8},"end":{"line":12,"column":27}},"3":{"start":{"line":13,"column":8},"end":{"line":13,"column":27}},"4":{"start":{"line":14,"column":8},"end":{"line":14,"column":28}},"5":{"start":{"line":15,"column":8},"end":{"line":15,"column":27}},"6":{"start":{"line":16,"column":8},"end":{"line":16,"column":27}},"7":{"start":{"line":17,"column":8},"end":{"line":17,"column":30}},"8":{"start":{"line":19,"column":0},"end":{"line":19,"column":null}},"9":{"start":{"line":1,"column":13},"end":{"line":1,"column":17}}},"fnMap":{"0":{"name":"(anonymous_0)","decl":{"start":{"line":1,"column":0},"end":{"line":1,"column":13}},"loc":{"start":{"line":1,"column":0},"end":{"line":19,"column":null}}},"1":{"name":"User","decl":{"start":{"line":10,"column":4},"end":{"line":10,"column":16}},"loc":{"start":{"line":10,"column":103},"end":{"line":18,"column":5}}}},"branchMap":{},"s":{"0":3,"1":32,"2":32,"3":32,"4":32,"5":32,"6":32,"7":32,"8":3,"9":3},"f":{"0":3,"1":32},"b":{}}
,"C:\\Users\\neta-\\apis\\reva\\neftaly_polanco_p1_api\\src\\repos\\reimbursement-repo.ts": {"path":"C:\\Users\\neta-\\apis\\reva\\neftaly_polanco_p1_api\\src\\repos\\reimbursement-repo.ts","statementMap":{"0":{"start":{"line":3,"column":0},"end":{"line":3,"column":55}},"1":{"start":{"line":5,"column":0},"end":{"line":5,"column":36}},"2":{"start":{"line":6,"column":0},"end":{"line":6,"column":70}},"3":{"start":{"line":9,"column":0},"end":{"line":9,"column":13}},"4":{"start":{"line":11,"column":4},"end":{"line":37,"column":6}},"5":{"start":{"line":43,"column":10},"end":{"line":63,"column":null}},"6":{"start":{"line":48,"column":21},"end":{"line":48,"column":52}},"7":{"start":{"line":48,"column":12},"end":{"line":48,"column":52}},"8":{"start":{"line":50,"column":16},"end":{"line":50,"column":42}},"9":{"start":{"line":52,"column":21},"end":{"line":52,"column":null}},"10":{"start":{"line":52,"column":16},"end":{"line":52,"column":null}},"11":{"start":{"line":54,"column":12},"end":{"line":54,"column":58}},"12":{"start":{"line":58,"column":12},"end":{"line":58,"column":44}},"13":{"start":{"line":60,"column":12},"end":{"line":60,"column":39}},"14":{"start":{"line":70,"column":10},"end":{"line":87,"column":null}},"15":{"start":{"line":74,"column":21},"end":{"line":74,"column":52}},"16":{"start":{"line":74,"column":12},"end":{"line":74,"column":52}},"17":{"start":{"line":76,"column":16},"end":{"line":76,"column":59}},"18":{"start":{"line":78,"column":21},"end":{"line":78,"column":null}},"19":{"start":{"line":78,"column":16},"end":{"line":78,"column":null}},"20":{"start":{"line":80,"column":12},"end":{"line":80,"column":57}},"21":{"start":{"line":83,"column":12},"end":{"line":83,"column":44}},"22":{"start":{"line":85,"column":12},"end":{"line":85,"column":39}},"23":{"start":{"line":95,"column":10},"end":{"line":123,"column":null}},"24":{"start":{"line":99,"column":21},"end":{"line":99,"column":52}},"25":{"start":{"line":99,"column":12},"end":{"line":99,"column":52}},"26":{"start":{"line":101,"column":16},"end":{"line":101,"column":21}},"27":{"start":{"line":102,"column":12},"end":{"line":102,"column":23}},"28":{"start":{"line":103,"column":15},"end":{"line":103,"column":18}},"29":{"start":{"line":104,"column":16},"end":{"line":104,"column":null}},"30":{"start":{"line":105,"column":24},"end":{"line":105,"column":113}},"31":{"start":{"line":105,"column":16},"end":{"line":105,"column":134}},"32":{"start":{"line":107,"column":15},"end":{"line":107,"column":18}},"33":{"start":{"line":108,"column":16},"end":{"line":108,"column":null}},"34":{"start":{"line":109,"column":24},"end":{"line":109,"column":113}},"35":{"start":{"line":109,"column":16},"end":{"line":109,"column":134}},"36":{"start":{"line":113,"column":16},"end":{"line":113,"column":63}},"37":{"start":{"line":116,"column":21},"end":{"line":116,"column":null}},"38":{"start":{"line":116,"column":16},"end":{"line":116,"column":null}},"39":{"start":{"line":117,"column":12},"end":{"line":117,"column":57}},"40":{"start":{"line":119,"column":12},"end":{"line":119,"column":44}},"41":{"start":{"line":121,"column":12},"end":{"line":121,"column":39}},"42":{"start":{"line":129,"column":9},"end":{"line":156,"column":null}},"43":{"start":{"line":132,"column":20},"end":{"line":132,"column":51}},"44":{"start":{"line":132,"column":11},"end":{"line":132,"column":51}},"45":{"start":{"line":133,"column":15},"end":{"line":133,"column":21}},"46":{"start":{"line":135,"column":19},"end":{"line":135,"column":89}},"47":{"start":{"line":136,"column":24},"end":{"line":136,"column":null}},"48":{"start":{"line":136,"column":19},"end":{"line":136,"column":null}},"49":{"start":{"line":137,"column":15},"end":{"line":137,"column":61}},"50":{"start":{"line":138,"column":21},"end":{"line":138,"column":27}},"51":{"start":{"line":140,"column":19},"end":{"line":140,"column":69}},"52":{"start":{"line":141,"column":24},"end":{"line":141,"column":null}},"53":{"start":{"line":141,"column":19},"end":{"line":141,"column":null}},"54":{"start":{"line":143,"column":15},"end":{"line":143,"column":61}},"55":{"start":{"line":144,"column":21},"end":{"line":144,"column":25}},"56":{"start":{"line":145,"column":19},"end":{"line":145,"column":67}},"57":{"start":{"line":146,"column":24},"end":{"line":146,"column":null}},"58":{"start":{"line":146,"column":19},"end":{"line":146,"column":null}},"59":{"start":{"line":147,"column":15},"end":{"line":147,"column":61}},"60":{"start":{"line":152,"column":11},"end":{"line":152,"column":43}},"61":{"start":{"line":154,"column":11},"end":{"line":154,"column":38}},"62":{"start":{"line":163,"column":10},"end":{"line":194,"column":null}},"63":{"start":{"line":167,"column":21},"end":{"line":167,"column":52}},"64":{"start":{"line":167,"column":12},"end":{"line":167,"column":52}},"65":{"start":{"line":169,"column":33},"end":{"line":169,"column":158}},"66":{"start":{"line":169,"column":16},"end":{"line":169,"column":null}},"67":{"start":{"line":170,"column":29},"end":{"line":170,"column":132}},"68":{"start":{"line":170,"column":16},"end":{"line":170,"column":null}},"69":{"start":{"line":175,"column":16},"end":{"line":179,"column":14}},"70":{"start":{"line":182,"column":12},"end":{"line":183,"column":68}},"71":{"start":{"line":187,"column":12},"end":{"line":187,"column":36}},"72":{"start":{"line":190,"column":12},"end":{"line":190,"column":44}},"73":{"start":{"line":192,"column":12},"end":{"line":192,"column":39}},"74":{"start":{"line":202,"column":10},"end":{"line":237,"column":null}},"75":{"start":{"line":206,"column":21},"end":{"line":206,"column":52}},"76":{"start":{"line":206,"column":12},"end":{"line":206,"column":52}},"77":{"start":{"line":208,"column":35},"end":{"line":208,"column":173}},"78":{"start":{"line":208,"column":16},"end":{"line":208,"column":null}},"79":{"start":{"line":209,"column":31},"end":{"line":209,"column":140}},"80":{"start":{"line":209,"column":16},"end":{"line":209,"column":null}},"81":{"start":{"line":215,"column":16},"end":{"line":219,"column":14}},"82":{"start":{"line":223,"column":12},"end":{"line":226,"column":15}},"83":{"start":{"line":229,"column":12},"end":{"line":229,"column":24}},"84":{"start":{"line":233,"column":12},"end":{"line":233,"column":44}},"85":{"start":{"line":235,"column":12},"end":{"line":235,"column":39}},"86":{"start":{"line":244,"column":10},"end":{"line":259,"column":null}},"87":{"start":{"line":249,"column":21},"end":{"line":249,"column":52}},"88":{"start":{"line":249,"column":12},"end":{"line":249,"column":52}},"89":{"start":{"line":250,"column":16},"end":{"line":250,"column":75}},"90":{"start":{"line":251,"column":12},"end":{"line":251,"column":42}},"91":{"start":{"line":252,"column":12},"end":{"line":252,"column":24}},"92":{"start":{"line":255,"column":12},"end":{"line":255,"column":44}},"93":{"start":{"line":257,"column":12},"end":{"line":257,"column":39}},"94":{"start":{"line":260,"column":0},"end":{"line":260,"column":2}},"95":{"start":{"line":9,"column":13},"end":{"line":9,"column":36}}},"fnMap":{"0":{"name":"(anonymous_13)","decl":{"start":{"line":9,"column":0},"end":{"line":9,"column":13}},"loc":{"start":{"line":9,"column":0},"end":{"line":260,"column":1}}},"1":{"name":"(anonymous_15)","decl":{"start":{"line":43,"column":4},"end":{"line":43,"column":10}},"loc":{"start":{"line":43,"column":4},"end":{"line":63,"column":null}}},"2":{"name":"(anonymous_18)","decl":{"start":{"line":70,"column":4},"end":{"line":70,"column":10}},"loc":{"start":{"line":70,"column":28},"end":{"line":87,"column":null}}},"3":{"name":"(anonymous_21)","decl":{"start":{"line":95,"column":4},"end":{"line":95,"column":10}},"loc":{"start":{"line":95,"column":59},"end":{"line":123,"column":null}}},"4":{"name":"(anonymous_24)","decl":{"start":{"line":129,"column":3},"end":{"line":129,"column":9}},"loc":{"start":{"line":129,"column":58},"end":{"line":156,"column":null}}},"5":{"name":"(anonymous_27)","decl":{"start":{"line":163,"column":4},"end":{"line":163,"column":10}},"loc":{"start":{"line":163,"column":46},"end":{"line":194,"column":null}}},"6":{"name":"(anonymous_30)","decl":{"start":{"line":202,"column":4},"end":{"line":202,"column":10}},"loc":{"start":{"line":202,"column":52},"end":{"line":237,"column":null}}},"7":{"name":"(anonymous_33)","decl":{"start":{"line":244,"column":4},"end":{"line":244,"column":10}},"loc":{"start":{"line":244,"column":31},"end":{"line":259,"column":null}}}},"branchMap":{"0":{"loc":{"start":{"line":60,"column":12},"end":{"line":60,"column":18}},"type":"binary-expr","locations":[{"start":{"line":60,"column":12},"end":{"line":60,"column":18}},{"start":{"line":60,"column":22},"end":{"line":60,"column":38}}]},"1":{"loc":{"start":{"line":85,"column":12},"end":{"line":85,"column":18}},"type":"binary-expr","locations":[{"start":{"line":85,"column":12},"end":{"line":85,"column":18}},{"start":{"line":85,"column":22},"end":{"line":85,"column":38}}]},"2":{"loc":{"start":{"line":103,"column":15},"end":{"line":103,"column":18}},"type":"if","locations":[{"start":{"line":103,"column":15},"end":{"line":103,"column":18}},{"start":{"line":103,"column":15},"end":{"line":103,"column":18}}]},"3":{"loc":{"start":{"line":107,"column":15},"end":{"line":107,"column":18}},"type":"if","locations":[{"start":{"line":107,"column":15},"end":{"line":107,"column":18}},{"start":{"line":107,"column":15},"end":{"line":107,"column":18}}]},"4":{"loc":{"start":{"line":121,"column":12},"end":{"line":121,"column":18}},"type":"binary-expr","locations":[{"start":{"line":121,"column":12},"end":{"line":121,"column":18}},{"start":{"line":121,"column":22},"end":{"line":121,"column":38}}]},"5":{"loc":{"start":{"line":133,"column":15},"end":{"line":133,"column":21}},"type":"if","locations":[{"start":{"line":133,"column":15},"end":{"line":133,"column":21}},{"start":{"line":133,"column":15},"end":{"line":133,"column":21}}]},"6":{"loc":{"start":{"line":133,"column":15},"end":{"line":133,"column":21}},"type":"binary-expr","locations":[{"start":{"line":133,"column":15},"end":{"line":133,"column":21}},{"start":{"line":133,"column":25},"end":{"line":133,"column":29}}]},"7":{"loc":{"start":{"line":138,"column":21},"end":{"line":138,"column":27}},"type":"if","locations":[{"start":{"line":138,"column":21},"end":{"line":138,"column":27}},{"start":{"line":138,"column":21},"end":{"line":138,"column":27}}]},"8":{"loc":{"start":{"line":144,"column":21},"end":{"line":144,"column":25}},"type":"if","locations":[{"start":{"line":144,"column":21},"end":{"line":144,"column":25}},{"start":{"line":144,"column":21},"end":{"line":144,"column":25}}]},"9":{"loc":{"start":{"line":154,"column":11},"end":{"line":154,"column":17}},"type":"binary-expr","locations":[{"start":{"line":154,"column":11},"end":{"line":154,"column":17}},{"start":{"line":154,"column":21},"end":{"line":154,"column":37}}]},"10":{"loc":{"start":{"line":192,"column":12},"end":{"line":192,"column":18}},"type":"binary-expr","locations":[{"start":{"line":192,"column":12},"end":{"line":192,"column":18}},{"start":{"line":192,"column":22},"end":{"line":192,"column":38}}]},"11":{"loc":{"start":{"line":235,"column":12},"end":{"line":235,"column":18}},"type":"binary-expr","locations":[{"start":{"line":235,"column":12},"end":{"line":235,"column":18}},{"start":{"line":235,"column":22},"end":{"line":235,"column":38}}]},"12":{"loc":{"start":{"line":257,"column":12},"end":{"line":257,"column":18}},"type":"binary-expr","locations":[{"start":{"line":257,"column":12},"end":{"line":257,"column":18}},{"start":{"line":257,"column":22},"end":{"line":257,"column":38}}]}},"s":{"0":1,"1":1,"2":1,"3":1,"4":1,"5":1,"6":3,"7":3,"8":3,"9":3,"10":2,"11":2,"12":1,"13":3,"14":1,"15":3,"16":3,"17":3,"18":3,"19":3,"20":3,"21":1,"22":3,"23":1,"24":3,"25":3,"26":3,"27":3,"28":6,"29":0,"30":0,"31":0,"32":6,"33":0,"34":0,"35":0,"36":3,"37":3,"38":2,"39":2,"40":1,"41":3,"42":1,"43":4,"44":4,"45":6,"46":2,"47":2,"48":1,"49":1,"50":3,"51":1,"52":1,"53":1,"54":1,"55":1,"56":1,"57":1,"58":1,"59":1,"60":1,"61":4,"62":1,"63":3,"64":3,"65":3,"66":2,"67":2,"68":2,"69":2,"70":4,"71":2,"72":1,"73":3,"74":1,"75":2,"76":2,"77":2,"78":1,"79":1,"80":1,"81":1,"82":2,"83":1,"84":1,"85":2,"86":1,"87":2,"88":2,"89":2,"90":3,"91":1,"92":1,"93":2,"94":1,"95":1},"f":{"0":2,"1":3,"2":3,"3":3,"4":4,"5":3,"6":2,"7":2},"b":{"0":[3,3],"1":[3,3],"2":[3,0],"3":[3,0],"4":[3,3],"5":[2,2],"6":[4,3],"7":[1,1],"8":[0,1],"9":[4,4],"10":[3,3],"11":[2,2],"12":[2,2]}}
,"C:\\Users\\neta-\\apis\\reva\\neftaly_polanco_p1_api\\src\\repos\\user-repo.ts": {"path":"C:\\Users\\neta-\\apis\\reva\\neftaly_polanco_p1_api\\src\\repos\\user-repo.ts","statementMap":{"0":{"start":{"line":3,"column":0},"end":{"line":3,"column":55}},"1":{"start":{"line":5,"column":0},"end":{"line":5,"column":36}},"2":{"start":{"line":6,"column":0},"end":{"line":6,"column":63}},"3":{"start":{"line":8,"column":0},"end":{"line":8,"column":13}},"4":{"start":{"line":10,"column":4},"end":{"line":22,"column":6}},"5":{"start":{"line":28,"column":10},"end":{"line":42,"column":null}},"6":{"start":{"line":33,"column":21},"end":{"line":33,"column":52}},"7":{"start":{"line":33,"column":12},"end":{"line":33,"column":52}},"8":{"start":{"line":34,"column":16},"end":{"line":34,"column":66}},"9":{"start":{"line":35,"column":21},"end":{"line":35,"column":null}},"10":{"start":{"line":35,"column":16},"end":{"line":35,"column":null}},"11":{"start":{"line":36,"column":12},"end":{"line":36,"column":49}},"12":{"start":{"line":38,"column":12},"end":{"line":38,"column":44}},"13":{"start":{"line":40,"column":12},"end":{"line":40,"column":null}},"14":{"start":{"line":49,"column":10},"end":{"line":61,"column":null}},"15":{"start":{"line":52,"column":21},"end":{"line":52,"column":52}},"16":{"start":{"line":52,"column":12},"end":{"line":52,"column":52}},"17":{"start":{"line":53,"column":16},"end":{"line":53,"column":68}},"18":{"start":{"line":54,"column":21},"end":{"line":54,"column":null}},"19":{"start":{"line":54,"column":16},"end":{"line":54,"column":null}},"20":{"start":{"line":55,"column":12},"end":{"line":55,"column":48}},"21":{"start":{"line":57,"column":12},"end":{"line":57,"column":44}},"22":{"start":{"line":59,"column":12},"end":{"line":59,"column":39}},"23":{"start":{"line":69,"column":10},"end":{"line":87,"column":null}},"24":{"start":{"line":73,"column":21},"end":{"line":73,"column":52}},"25":{"start":{"line":73,"column":12},"end":{"line":73,"column":52}},"26":{"start":{"line":74,"column":16},"end":{"line":74,"column":63}},"27":{"start":{"line":77,"column":21},"end":{"line":77,"column":null}},"28":{"start":{"line":77,"column":16},"end":{"line":77,"column":null}},"29":{"start":{"line":81,"column":12},"end":{"line":81,"column":48}},"30":{"start":{"line":83,"column":12},"end":{"line":83,"column":44}},"31":{"start":{"line":85,"column":12},"end":{"line":85,"column":39}},"32":{"start":{"line":98,"column":10},"end":{"line":113,"column":null}},"33":{"start":{"line":103,"column":21},"end":{"line":103,"column":52}},"34":{"start":{"line":103,"column":12},"end":{"line":103,"column":52}},"35":{"start":{"line":104,"column":16},"end":{"line":104,"column":86}},"36":{"start":{"line":105,"column":21},"end":{"line":105,"column":null}},"37":{"start":{"line":105,"column":16},"end":{"line":105,"column":null}},"38":{"start":{"line":106,"column":12},"end":{"line":106,"column":48}},"39":{"start":{"line":108,"column":11},"end":{"line":108,"column":43}},"40":{"start":{"line":110,"column":11},"end":{"line":110,"column":38}},"41":{"start":{"line":120,"column":10},"end":{"line":150,"column":null}},"42":{"start":{"line":125,"column":21},"end":{"line":125,"column":52}},"43":{"start":{"line":125,"column":12},"end":{"line":125,"column":52}},"44":{"start":{"line":130,"column":12},"end":{"line":130,"column":null}},"45":{"start":{"line":131,"column":16},"end":{"line":132,"column":104}},"46":{"start":{"line":134,"column":16},"end":{"line":134,"column":40}},"47":{"start":{"line":136,"column":22},"end":{"line":137,"column":88}},"48":{"start":{"line":136,"column":16},"end":{"line":137,"column":null}},"49":{"start":{"line":139,"column":16},"end":{"line":139,"column":null}},"50":{"start":{"line":140,"column":12},"end":{"line":140,"column":53}},"51":{"start":{"line":142,"column":12},"end":{"line":142,"column":27}},"52":{"start":{"line":145,"column":12},"end":{"line":145,"column":44}},"53":{"start":{"line":147,"column":12},"end":{"line":147,"column":39}},"54":{"start":{"line":157,"column":10},"end":{"line":178,"column":null}},"55":{"start":{"line":161,"column":23},"end":{"line":161,"column":121}},"56":{"start":{"line":161,"column":12},"end":{"line":161,"column":null}},"57":{"start":{"line":164,"column":21},"end":{"line":164,"column":52}},"58":{"start":{"line":164,"column":12},"end":{"line":164,"column":52}},"59":{"start":{"line":165,"column":16},"end":{"line":166,"column":104}},"60":{"start":{"line":168,"column":21},"end":{"line":169,"column":null}},"61":{"start":{"line":168,"column":16},"end":{"line":169,"column":null}},"62":{"start":{"line":171,"column":12},"end":{"line":171,"column":24}},"63":{"start":{"line":174,"column":12},"end":{"line":174,"column":44}},"64":{"start":{"line":176,"column":12},"end":{"line":176,"column":39}},"65":{"start":{"line":185,"column":10},"end":{"line":200,"column":null}},"66":{"start":{"line":190,"column":22},"end":{"line":190,"column":53}},"67":{"start":{"line":190,"column":13},"end":{"line":190,"column":53}},"68":{"start":{"line":191,"column":17},"end":{"line":191,"column":70}},"69":{"start":{"line":192,"column":13},"end":{"line":192,"column":43}},"70":{"start":{"line":193,"column":13},"end":{"line":193,"column":25}},"71":{"start":{"line":196,"column":12},"end":{"line":196,"column":44}},"72":{"start":{"line":198,"column":13},"end":{"line":198,"column":40}},"73":{"start":{"line":201,"column":0},"end":{"line":201,"column":null}},"74":{"start":{"line":8,"column":13},"end":{"line":8,"column":27}}},"fnMap":{"0":{"name":"(anonymous_13)","decl":{"start":{"line":8,"column":0},"end":{"line":8,"column":13}},"loc":{"start":{"line":8,"column":0},"end":{"line":201,"column":null}}},"1":{"name":"(anonymous_15)","decl":{"start":{"line":28,"column":4},"end":{"line":28,"column":10}},"loc":{"start":{"line":28,"column":4},"end":{"line":42,"column":null}}},"2":{"name":"(anonymous_18)","decl":{"start":{"line":49,"column":4},"end":{"line":49,"column":10}},"loc":{"start":{"line":49,"column":28},"end":{"line":61,"column":null}}},"3":{"name":"(anonymous_21)","decl":{"start":{"line":69,"column":4},"end":{"line":69,"column":10}},"loc":{"start":{"line":69,"column":53},"end":{"line":87,"column":null}}},"4":{"name":"(anonymous_24)","decl":{"start":{"line":98,"column":4},"end":{"line":98,"column":10}},"loc":{"start":{"line":98,"column":53},"end":{"line":113,"column":null}}},"5":{"name":"(anonymous_27)","decl":{"start":{"line":120,"column":4},"end":{"line":120,"column":10}},"loc":{"start":{"line":120,"column":28},"end":{"line":150,"column":null}}},"6":{"name":"(anonymous_30)","decl":{"start":{"line":157,"column":4},"end":{"line":157,"column":10}},"loc":{"start":{"line":157,"column":34},"end":{"line":178,"column":null}}},"7":{"name":"(anonymous_33)","decl":{"start":{"line":185,"column":4},"end":{"line":185,"column":10}},"loc":{"start":{"line":185,"column":31},"end":{"line":200,"column":null}}}},"branchMap":{"0":{"loc":{"start":{"line":40,"column":12},"end":{"line":40,"column":18}},"type":"binary-expr","locations":[{"start":{"line":40,"column":12},"end":{"line":40,"column":18}},{"start":{"line":40,"column":22},"end":{"line":40,"column":38}}]},"1":{"loc":{"start":{"line":59,"column":12},"end":{"line":59,"column":18}},"type":"binary-expr","locations":[{"start":{"line":59,"column":12},"end":{"line":59,"column":18}},{"start":{"line":59,"column":22},"end":{"line":59,"column":38}}]},"2":{"loc":{"start":{"line":85,"column":12},"end":{"line":85,"column":18}},"type":"binary-expr","locations":[{"start":{"line":85,"column":12},"end":{"line":85,"column":18}},{"start":{"line":85,"column":22},"end":{"line":85,"column":38}}]},"3":{"loc":{"start":{"line":110,"column":11},"end":{"line":110,"column":17}},"type":"binary-expr","locations":[{"start":{"line":110,"column":11},"end":{"line":110,"column":17}},{"start":{"line":110,"column":21},"end":{"line":110,"column":37}}]},"4":{"loc":{"start":{"line":147,"column":12},"end":{"line":147,"column":18}},"type":"binary-expr","locations":[{"start":{"line":147,"column":12},"end":{"line":147,"column":18}},{"start":{"line":147,"column":22},"end":{"line":147,"column":38}}]},"5":{"loc":{"start":{"line":161,"column":23},"end":{"line":161,"column":121}},"type":"switch","locations":[{"start":{"line":161,"column":23},"end":{"line":161,"column":121}}]},"6":{"loc":{"start":{"line":176,"column":12},"end":{"line":176,"column":18}},"type":"binary-expr","locations":[{"start":{"line":176,"column":12},"end":{"line":176,"column":18}},{"start":{"line":176,"column":22},"end":{"line":176,"column":38}}]},"7":{"loc":{"start":{"line":198,"column":13},"end":{"line":198,"column":19}},"type":"binary-expr","locations":[{"start":{"line":198,"column":13},"end":{"line":198,"column":19}},{"start":{"line":198,"column":23},"end":{"line":198,"column":39}}]}},"s":{"0":1,"1":1,"2":1,"3":1,"4":1,"5":1,"6":3,"7":3,"8":3,"9":3,"10":2,"11":2,"12":1,"13":3,"14":1,"15":2,"16":2,"17":2,"18":2,"19":2,"20":2,"21":1,"22":2,"23":1,"24":1,"25":1,"26":1,"27":1,"28":1,"29":1,"30":0,"31":1,"32":1,"33":1,"34":1,"35":1,"36":1,"37":1,"38":1,"39":0,"40":1,"41":1,"42":1,"43":1,"44":1,"45":1,"46":1,"47":1,"48":1,"49":1,"50":1,"51":1,"52":0,"53":1,"54":1,"55":0,"56":0,"57":0,"58":0,"59":0,"60":0,"61":0,"62":0,"63":0,"64":0,"65":1,"66":1,"67":1,"68":1,"69":2,"70":1,"71":0,"72":1,"73":1,"74":1},"f":{"0":2,"1":3,"2":2,"3":1,"4":1,"5":1,"6":0,"7":1},"b":{"0":[3,3],"1":[2,2],"2":[1,1],"3":[1,1],"4":[1,1],"5":[0],"6":[0,0],"7":[1,1]}}
,"C:\\Users\\neta-\\apis\\reva\\neftaly_polanco_p1_api\\src\\services\\reimbursement-service.ts": {"path":"C:\\Users\\neta-\\apis\\reva\\neftaly_polanco_p1_api\\src\\services\\reimbursement-service.ts","statementMap":{"0":{"start":{"line":1,"column":0},"end":{"line":1,"column":56}},"1":{"start":{"line":3,"column":0},"end":{"line":3,"column":null}},"2":{"start":{"line":9,"column":0},"end":{"line":9,"column":75}},"3":{"start":{"line":12,"column":0},"end":{"line":12,"column":13}},"4":{"start":{"line":14,"column":24},"end":{"line":14,"column":66}},"5":{"start":{"line":15,"column":8},"end":{"line":15,"column":51}},"6":{"start":{"line":22,"column":10},"end":{"line":32,"column":null}},"7":{"start":{"line":24,"column":29},"end":{"line":24,"column":null}},"8":{"start":{"line":24,"column":12},"end":{"line":24,"column":null}},"9":{"start":{"line":26,"column":8},"end":{"line":28,"column":null}},"10":{"start":{"line":27,"column":12},"end":{"line":27,"column":46}},"11":{"start":{"line":30,"column":8},"end":{"line":30,"column":30}},"12":{"start":{"line":39,"column":10},"end":{"line":59,"column":null}},"13":{"start":{"line":43,"column":12},"end":{"line":45,"column":null}},"14":{"start":{"line":44,"column":16},"end":{"line":44,"column":44}},"15":{"start":{"line":47,"column":36},"end":{"line":47,"column":77}},"16":{"start":{"line":47,"column":16},"end":{"line":47,"column":null}},"17":{"start":{"line":49,"column":12},"end":{"line":51,"column":null}},"18":{"start":{"line":50,"column":16},"end":{"line":50,"column":50}},"19":{"start":{"line":53,"column":12},"end":{"line":53,"column":33}},"20":{"start":{"line":56,"column":12},"end":{"line":56,"column":20}},"21":{"start":{"line":66,"column":10},"end":{"line":96,"column":null}},"22":{"start":{"line":69,"column":16},"end":{"line":69,"column":50}},"23":{"start":{"line":71,"column":12},"end":{"line":73,"column":null}},"24":{"start":{"line":71,"column":39},"end":{"line":71,"column":72}},"25":{"start":{"line":72,"column":16},"end":{"line":72,"column":44}},"26":{"start":{"line":76,"column":16},"end":{"line":76,"column":35}},"27":{"start":{"line":77,"column":16},"end":{"line":77,"column":36}},"28":{"start":{"line":80,"column":16},"end":{"line":80,"column":19}},"29":{"start":{"line":81,"column":23},"end":{"line":81,"column":61}},"30":{"start":{"line":81,"column":16},"end":{"line":81,"column":61}},"31":{"start":{"line":85,"column":32},"end":{"line":85,"column":null}},"32":{"start":{"line":85,"column":16},"end":{"line":85,"column":null}},"33":{"start":{"line":87,"column":12},"end":{"line":89,"column":null}},"34":{"start":{"line":88,"column":16},"end":{"line":88,"column":50}},"35":{"start":{"line":91,"column":12},"end":{"line":91,"column":33}},"36":{"start":{"line":94,"column":8},"end":{"line":94,"column":16}},"37":{"start":{"line":98,"column":10},"end":{"line":105,"column":null}},"38":{"start":{"line":100,"column":12},"end":{"line":100,"column":34}},"39":{"start":{"line":101,"column":12},"end":{"line":101,"column":30}},"40":{"start":{"line":102,"column":21},"end":{"line":102,"column":null}},"41":{"start":{"line":102,"column":12},"end":{"line":102,"column":null}},"42":{"start":{"line":104,"column":8},"end":{"line":104,"column":22}},"43":{"start":{"line":112,"column":10},"end":{"line":127,"column":null}},"44":{"start":{"line":116,"column":12},"end":{"line":118,"column":null}},"45":{"start":{"line":117,"column":16},"end":{"line":117,"column":102}},"46":{"start":{"line":120,"column":43},"end":{"line":120,"column":null}},"47":{"start":{"line":120,"column":18},"end":{"line":120,"column":null}},"48":{"start":{"line":122,"column":12},"end":{"line":122,"column":42}},"49":{"start":{"line":124,"column":12},"end":{"line":124,"column":20}},"50":{"start":{"line":135,"column":10},"end":{"line":146,"column":null}},"51":{"start":{"line":137,"column":12},"end":{"line":139,"column":null}},"52":{"start":{"line":138,"column":16},"end":{"line":138,"column":77}},"53":{"start":{"line":141,"column":19},"end":{"line":141,"column":77}},"54":{"start":{"line":141,"column":12},"end":{"line":141,"column":77}},"55":{"start":{"line":143,"column":12},"end":{"line":143,"column":20}},"56":{"start":{"line":153,"column":10},"end":{"line":161,"column":null}},"57":{"start":{"line":155,"column":8},"end":{"line":157,"column":null}},"58":{"start":{"line":156,"column":12},"end":{"line":156,"column":40}},"59":{"start":{"line":159,"column":15},"end":{"line":159,"column":59}},"60":{"start":{"line":159,"column":8},"end":{"line":159,"column":59}},"61":{"start":{"line":162,"column":0},"end":{"line":162,"column":null}},"62":{"start":{"line":12,"column":13},"end":{"line":12,"column":33}}},"fnMap":{"0":{"name":"(anonymous_15)","decl":{"start":{"line":12,"column":0},"end":{"line":12,"column":13}},"loc":{"start":{"line":12,"column":0},"end":{"line":162,"column":null}}},"1":{"name":"ReimbursementService","decl":{"start":{"line":14,"column":4},"end":{"line":14,"column":24}},"loc":{"start":{"line":14,"column":66},"end":{"line":16,"column":5}}},"2":{"name":"(anonymous_17)","decl":{"start":{"line":22,"column":4},"end":{"line":22,"column":10}},"loc":{"start":{"line":22,"column":4},"end":{"line":32,"column":null}}},"3":{"name":"(anonymous_20)","decl":{"start":{"line":39,"column":4},"end":{"line":39,"column":10}},"loc":{"start":{"line":39,"column":41},"end":{"line":59,"column":null}}},"4":{"name":"(anonymous_23)","decl":{"start":{"line":66,"column":4},"end":{"line":66,"column":10}},"loc":{"start":{"line":66,"column":51},"end":{"line":96,"column":null}}},"5":{"name":"(anonymous_26)","decl":{"start":{"line":71,"column":32},"end":{"line":71,"column":35}},"loc":{"start":{"line":71,"column":35},"end":{"line":71,"column":51}}},"6":{"name":"(anonymous_27)","decl":{"start":{"line":98,"column":4},"end":{"line":98,"column":10}},"loc":{"start":{"line":98,"column":32},"end":{"line":105,"column":null}}},"7":{"name":"(anonymous_30)","decl":{"start":{"line":112,"column":4},"end":{"line":112,"column":10}},"loc":{"start":{"line":112,"column":61},"end":{"line":127,"column":null}}},"8":{"name":"(anonymous_33)","decl":{"start":{"line":135,"column":4},"end":{"line":135,"column":10}},"loc":{"start":{"line":135,"column":65},"end":{"line":146,"column":null}}},"9":{"name":"(anonymous_36)","decl":{"start":{"line":153,"column":4},"end":{"line":153,"column":10}},"loc":{"start":{"line":153,"column":31},"end":{"line":161,"column":null}}}},"branchMap":{"0":{"loc":{"start":{"line":24,"column":29},"end":{"line":24,"column":null}},"type":"switch","locations":[{"start":{"line":24,"column":29},"end":{"line":24,"column":null}}]},"1":{"loc":{"start":{"line":26,"column":8},"end":{"line":28,"column":null}},"type":"if","locations":[{"start":{"line":26,"column":8},"end":{"line":28,"column":null}},{"start":{"line":26,"column":8},"end":{"line":28,"column":null}}]},"2":{"loc":{"start":{"line":43,"column":12},"end":{"line":45,"column":null}},"type":"if","locations":[{"start":{"line":43,"column":12},"end":{"line":45,"column":null}},{"start":{"line":43,"column":12},"end":{"line":45,"column":null}}]},"3":{"loc":{"start":{"line":49,"column":12},"end":{"line":51,"column":null}},"type":"if","locations":[{"start":{"line":49,"column":12},"end":{"line":51,"column":null}},{"start":{"line":49,"column":12},"end":{"line":51,"column":null}}]},"4":{"loc":{"start":{"line":81,"column":16},"end":{"line":81,"column":61}},"type":"switch","locations":[{"start":{"line":81,"column":16},"end":{"line":81,"column":61}},{"start":{"line":85,"column":32},"end":{"line":85,"column":null}}]},"5":{"loc":{"start":{"line":71,"column":12},"end":{"line":73,"column":null}},"type":"if","locations":[{"start":{"line":71,"column":12},"end":{"line":73,"column":null}},{"start":{"line":71,"column":12},"end":{"line":73,"column":null}}]},"6":{"loc":{"start":{"line":80,"column":16},"end":{"line":80,"column":19}},"type":"if","locations":[{"start":{"line":80,"column":16},"end":{"line":80,"column":19}},{"start":{"line":80,"column":16},"end":{"line":80,"column":19}}]},"7":{"loc":{"start":{"line":87,"column":12},"end":{"line":89,"column":null}},"type":"if","locations":[{"start":{"line":87,"column":12},"end":{"line":89,"column":null}},{"start":{"line":87,"column":12},"end":{"line":89,"column":null}}]},"8":{"loc":{"start":{"line":116,"column":12},"end":{"line":118,"column":null}},"type":"if","locations":[{"start":{"line":116,"column":12},"end":{"line":118,"column":null}},{"start":{"line":116,"column":12},"end":{"line":118,"column":null}}]},"9":{"loc":{"start":{"line":141,"column":12},"end":{"line":141,"column":77}},"type":"switch","locations":[{"start":{"line":141,"column":12},"end":{"line":141,"column":77}}]},"10":{"loc":{"start":{"line":137,"column":12},"end":{"line":139,"column":null}},"type":"if","locations":[{"start":{"line":137,"column":12},"end":{"line":139,"column":null}},{"start":{"line":137,"column":12},"end":{"line":139,"column":null}}]},"11":{"loc":{"start":{"line":159,"column":8},"end":{"line":159,"column":59}},"type":"switch","locations":[{"start":{"line":159,"column":8},"end":{"line":159,"column":59}}]},"12":{"loc":{"start":{"line":155,"column":8},"end":{"line":157,"column":null}},"type":"if","locations":[{"start":{"line":155,"column":8},"end":{"line":157,"column":null}},{"start":{"line":155,"column":8},"end":{"line":157,"column":null}}]}},"s":{"0":1,"1":1,"2":1,"3":1,"4":23,"5":23,"6":1,"7":2,"8":2,"9":2,"10":1,"11":1,"12":1,"13":7,"14":4,"15":3,"16":3,"17":3,"18":1,"19":2,"20":5,"21":1,"22":5,"23":5,"24":5,"25":2,"26":3,"27":3,"28":5,"29":1,"30":1,"31":2,"32":2,"33":2,"34":1,"35":1,"36":3,"37":1,"38":1,"39":1,"40":1,"41":1,"42":1,"43":1,"44":2,"45":1,"46":1,"47":1,"48":1,"49":1,"50":1,"51":5,"52":3,"53":2,"54":2,"55":3,"56":1,"57":2,"58":1,"59":1,"60":1,"61":1,"62":1},"f":{"0":1,"1":23,"2":2,"3":7,"4":5,"5":5,"6":1,"7":2,"8":5,"9":2},"b":{"0":[2],"1":[1,1],"2":[4,3],"3":[1,2],"4":[1,2],"5":[2,3],"6":[2,1],"7":[1,1],"8":[1,1],"9":[2],"10":[3,2],"11":[1],"12":[1,1]}}
,"C:\\Users\\neta-\\apis\\reva\\neftaly_polanco_p1_api\\src\\services\\user-service.ts": {"path":"C:\\Users\\neta-\\apis\\reva\\neftaly_polanco_p1_api\\src\\services\\user-service.ts","statementMap":{"0":{"start":{"line":1,"column":0},"end":{"line":1,"column":38}},"1":{"start":{"line":3,"column":0},"end":{"line":3,"column":106}},"2":{"start":{"line":4,"column":0},"end":{"line":4,"column":null}},"3":{"start":{"line":15,"column":0},"end":{"line":15,"column":13}},"4":{"start":{"line":16,"column":24},"end":{"line":16,"column":48}},"5":{"start":{"line":17,"column":8},"end":{"line":17,"column":33}},"6":{"start":{"line":24,"column":10},"end":{"line":32,"column":null}},"7":{"start":{"line":26,"column":20},"end":{"line":26,"column":null}},"8":{"start":{"line":26,"column":12},"end":{"line":26,"column":null}},"9":{"start":{"line":28,"column":8},"end":{"line":30,"column":null}},"10":{"start":{"line":29,"column":12},"end":{"line":29,"column":46}},"11":{"start":{"line":31,"column":8},"end":{"line":31,"column":46}},"12":{"start":{"line":39,"column":10},"end":{"line":52,"column":null}},"13":{"start":{"line":40,"column":8},"end":{"line":42,"column":null}},"14":{"start":{"line":41,"column":12},"end":{"line":41,"column":40}},"15":{"start":{"line":44,"column":19},"end":{"line":44,"column":null}},"16":{"start":{"line":44,"column":12},"end":{"line":44,"column":null}},"17":{"start":{"line":47,"column":8},"end":{"line":49,"column":null}},"18":{"start":{"line":48,"column":12},"end":{"line":48,"column":46}},"19":{"start":{"line":51,"column":8},"end":{"line":51,"column":42}},"20":{"start":{"line":59,"column":10},"end":{"line":89,"column":null}},"21":{"start":{"line":62,"column":16},"end":{"line":62,"column":50}},"22":{"start":{"line":64,"column":12},"end":{"line":66,"column":null}},"23":{"start":{"line":64,"column":39},"end":{"line":64,"column":63}},"24":{"start":{"line":65,"column":16},"end":{"line":65,"column":44}},"25":{"start":{"line":69,"column":16},"end":{"line":69,"column":35}},"26":{"start":{"line":70,"column":16},"end":{"line":70,"column":36}},"27":{"start":{"line":73,"column":16},"end":{"line":73,"column":19}},"28":{"start":{"line":74,"column":23},"end":{"line":74,"column":52}},"29":{"start":{"line":74,"column":16},"end":{"line":74,"column":52}},"30":{"start":{"line":77,"column":23},"end":{"line":77,"column":null}},"31":{"start":{"line":77,"column":16},"end":{"line":77,"column":null}},"32":{"start":{"line":80,"column":12},"end":{"line":82,"column":null}},"33":{"start":{"line":81,"column":16},"end":{"line":81,"column":50}},"34":{"start":{"line":84,"column":12},"end":{"line":84,"column":45}},"35":{"start":{"line":87,"column":8},"end":{"line":87,"column":16}},"36":{"start":{"line":97,"column":10},"end":{"line":121,"column":null}},"37":{"start":{"line":102,"column":12},"end":{"line":104,"column":null}},"38":{"start":{"line":103,"column":16},"end":{"line":103,"column":44}},"39":{"start":{"line":106,"column":16},"end":{"line":106,"column":31}},"40":{"start":{"line":108,"column":23},"end":{"line":108,"column":72}},"41":{"start":{"line":108,"column":12},"end":{"line":108,"column":72}},"42":{"start":{"line":111,"column":12},"end":{"line":113,"column":null}},"43":{"start":{"line":112,"column":16},"end":{"line":112,"column":75}},"44":{"start":{"line":115,"column":12},"end":{"line":115,"column":49}},"45":{"start":{"line":118,"column":12},"end":{"line":118,"column":20}},"46":{"start":{"line":128,"column":10},"end":{"line":160,"column":null}},"47":{"start":{"line":133,"column":12},"end":{"line":135,"column":null}},"48":{"start":{"line":134,"column":16},"end":{"line":134,"column":93}},"49":{"start":{"line":138,"column":36},"end":{"line":138,"column":null}},"50":{"start":{"line":138,"column":16},"end":{"line":138,"column":null}},"51":{"start":{"line":140,"column":12},"end":{"line":142,"column":null}},"52":{"start":{"line":141,"column":16},"end":{"line":141,"column":94}},"53":{"start":{"line":145,"column":33},"end":{"line":145,"column":null}},"54":{"start":{"line":145,"column":16},"end":{"line":145,"column":null}},"55":{"start":{"line":147,"column":12},"end":{"line":149,"column":null}},"56":{"start":{"line":148,"column":16},"end":{"line":148,"column":92}},"57":{"start":{"line":152,"column":34},"end":{"line":152,"column":null}},"58":{"start":{"line":152,"column":18},"end":{"line":152,"column":null}},"59":{"start":{"line":154,"column":12},"end":{"line":154,"column":54}},"60":{"start":{"line":157,"column":12},"end":{"line":157,"column":null}},"61":{"start":{"line":167,"column":10},"end":{"line":180,"column":null}},"62":{"start":{"line":171,"column":12},"end":{"line":173,"column":null}},"63":{"start":{"line":172,"column":16},"end":{"line":172,"column":91}},"64":{"start":{"line":175,"column":19},"end":{"line":175,"column":59}},"65":{"start":{"line":175,"column":12},"end":{"line":175,"column":59}},"66":{"start":{"line":177,"column":12},"end":{"line":177,"column":20}},"67":{"start":{"line":187,"column":10},"end":{"line":197,"column":null}},"68":{"start":{"line":191,"column":11},"end":{"line":191,"column":46}},"69":{"start":{"line":194,"column":12},"end":{"line":194,"column":20}},"70":{"start":{"line":196,"column":8},"end":{"line":196,"column":20}},"71":{"start":{"line":204,"column":18},"end":{"line":216,"column":null}},"72":{"start":{"line":207,"column":12},"end":{"line":207,"column":66}},"73":{"start":{"line":209,"column":12},"end":{"line":209,"column":null}},"74":{"start":{"line":210,"column":12},"end":{"line":210,"column":24}},"75":{"start":{"line":213,"column":8},"end":{"line":213,"column":null}},"76":{"start":{"line":214,"column":8},"end":{"line":214,"column":21}},"77":{"start":{"line":223,"column":18},"end":{"line":234,"column":null}},"78":{"start":{"line":226,"column":12},"end":{"line":226,"column":60}},"79":{"start":{"line":228,"column":12},"end":{"line":228,"column":null}},"80":{"start":{"line":229,"column":12},"end":{"line":229,"column":24}},"81":{"start":{"line":232,"column":8},"end":{"line":232,"column":null}},"82":{"start":{"line":233,"column":8},"end":{"line":233,"column":21}},"83":{"start":{"line":241,"column":12},"end":{"line":246,"column":null}},"84":{"start":{"line":242,"column":8},"end":{"line":242,"column":49}},"85":{"start":{"line":242,"column":37},"end":{"line":242,"column":49}},"86":{"start":{"line":243,"column":15},"end":{"line":243,"column":27}},"87":{"start":{"line":244,"column":8},"end":{"line":244,"column":28}},"88":{"start":{"line":245,"column":8},"end":{"line":245,"column":19}},"89":{"start":{"line":247,"column":0},"end":{"line":247,"column":null}},"90":{"start":{"line":15,"column":13},"end":{"line":15,"column":24}}},"fnMap":{"0":{"name":"(anonymous_15)","decl":{"start":{"line":15,"column":0},"end":{"line":15,"column":13}},"loc":{"start":{"line":15,"column":0},"end":{"line":247,"column":null}}},"1":{"name":"UserService","decl":{"start":{"line":16,"column":4},"end":{"line":16,"column":24}},"loc":{"start":{"line":16,"column":48},"end":{"line":18,"column":5}}},"2":{"name":"(anonymous_17)","decl":{"start":{"line":24,"column":4},"end":{"line":24,"column":10}},"loc":{"start":{"line":24,"column":4},"end":{"line":32,"column":null}}},"3":{"name":"(anonymous_20)","decl":{"start":{"line":39,"column":4},"end":{"line":39,"column":10}},"loc":{"start":{"line":39,"column":32},"end":{"line":52,"column":null}}},"4":{"name":"(anonymous_23)","decl":{"start":{"line":59,"column":4},"end":{"line":59,"column":10}},"loc":{"start":{"line":59,"column":42},"end":{"line":89,"column":null}}},"5":{"name":"(anonymous_26)","decl":{"start":{"line":64,"column":32},"end":{"line":64,"column":35}},"loc":{"start":{"line":64,"column":35},"end":{"line":64,"column":51}}},"6":{"name":"(anonymous_27)","decl":{"start":{"line":97,"column":4},"end":{"line":97,"column":10}},"loc":{"start":{"line":97,"column":49},"end":{"line":121,"column":null}}},"7":{"name":"(anonymous_30)","decl":{"start":{"line":128,"column":4},"end":{"line":128,"column":10}},"loc":{"start":{"line":128,"column":34},"end":{"line":160,"column":null}}},"8":{"name":"(anonymous_33)","decl":{"start":{"line":167,"column":4},"end":{"line":167,"column":10}},"loc":{"start":{"line":167,"column":38},"end":{"line":180,"column":null}}},"9":{"name":"(anonymous_36)","decl":{"start":{"line":187,"column":4},"end":{"line":187,"column":10}},"loc":{"start":{"line":187,"column":35},"end":{"line":197,"column":null}}},"10":{"name":"(anonymous_39)","decl":{"start":{"line":204,"column":4},"end":{"line":204,"column":18}},"loc":{"start":{"line":204,"column":54},"end":{"line":216,"column":null}}},"11":{"name":"(anonymous_42)","decl":{"start":{"line":223,"column":4},"end":{"line":223,"column":18}},"loc":{"start":{"line":223,"column":48},"end":{"line":234,"column":null}}},"12":{"name":"(anonymous_45)","decl":{"start":{"line":241,"column":4},"end":{"line":241,"column":12}},"loc":{"start":{"line":241,"column":37},"end":{"line":246,"column":5}}}},"branchMap":{"0":{"loc":{"start":{"line":26,"column":20},"end":{"line":26,"column":null}},"type":"switch","locations":[{"start":{"line":26,"column":20},"end":{"line":26,"column":null}}]},"1":{"loc":{"start":{"line":28,"column":8},"end":{"line":30,"column":null}},"type":"if","locations":[{"start":{"line":28,"column":8},"end":{"line":30,"column":null}},{"start":{"line":28,"column":8},"end":{"line":30,"column":null}}]},"2":{"loc":{"start":{"line":40,"column":8},"end":{"line":42,"column":null}},"type":"if","locations":[{"start":{"line":40,"column":8},"end":{"line":42,"column":null}},{"start":{"line":40,"column":8},"end":{"line":42,"column":null}}]},"3":{"loc":{"start":{"line":47,"column":8},"end":{"line":49,"column":null}},"type":"if","locations":[{"start":{"line":47,"column":8},"end":{"line":49,"column":null}},{"start":{"line":47,"column":8},"end":{"line":49,"column":null}}]},"4":{"loc":{"start":{"line":74,"column":16},"end":{"line":74,"column":52}},"type":"switch","locations":[{"start":{"line":74,"column":16},"end":{"line":74,"column":52}},{"start":{"line":77,"column":23},"end":{"line":77,"column":null}}]},"5":{"loc":{"start":{"line":64,"column":12},"end":{"line":66,"column":null}},"type":"if","locations":[{"start":{"line":64,"column":12},"end":{"line":66,"column":null}},{"start":{"line":64,"column":12},"end":{"line":66,"column":null}}]},"6":{"loc":{"start":{"line":73,"column":16},"end":{"line":73,"column":19}},"type":"if","locations":[{"start":{"line":73,"column":16},"end":{"line":73,"column":19}},{"start":{"line":73,"column":16},"end":{"line":73,"column":19}}]},"7":{"loc":{"start":{"line":80,"column":12},"end":{"line":82,"column":null}},"type":"if","locations":[{"start":{"line":80,"column":12},"end":{"line":82,"column":null}},{"start":{"line":80,"column":12},"end":{"line":82,"column":null}}]},"8":{"loc":{"start":{"line":102,"column":12},"end":{"line":104,"column":null}},"type":"if","locations":[{"start":{"line":102,"column":12},"end":{"line":104,"column":null}},{"start":{"line":102,"column":12},"end":{"line":104,"column":null}}]},"9":{"loc":{"start":{"line":111,"column":12},"end":{"line":113,"column":null}},"type":"if","locations":[{"start":{"line":111,"column":12},"end":{"line":113,"column":null}},{"start":{"line":111,"column":12},"end":{"line":113,"column":null}}]},"10":{"loc":{"start":{"line":133,"column":12},"end":{"line":135,"column":null}},"type":"if","locations":[{"start":{"line":133,"column":12},"end":{"line":135,"column":null}},{"start":{"line":133,"column":12},"end":{"line":135,"column":null}}]},"11":{"loc":{"start":{"line":140,"column":12},"end":{"line":142,"column":null}},"type":"if","locations":[{"start":{"line":140,"column":12},"end":{"line":142,"column":null}},{"start":{"line":140,"column":12},"end":{"line":142,"column":null}}]},"12":{"loc":{"start":{"line":147,"column":12},"end":{"line":149,"column":null}},"type":"if","locations":[{"start":{"line":147,"column":12},"end":{"line":149,"column":null}},{"start":{"line":147,"column":12},"end":{"line":149,"column":null}}]},"13":{"loc":{"start":{"line":175,"column":12},"end":{"line":175,"column":59}},"type":"switch","locations":[{"start":{"line":175,"column":12},"end":{"line":175,"column":59}}]},"14":{"loc":{"start":{"line":171,"column":12},"end":{"line":173,"column":null}},"type":"if","locations":[{"start":{"line":171,"column":12},"end":{"line":173,"column":null}},{"start":{"line":171,"column":12},"end":{"line":173,"column":null}}]},"15":{"loc":{"start":{"line":196,"column":8},"end":{"line":196,"column":20}},"type":"switch","locations":[{"start":{"line":196,"column":8},"end":{"line":196,"column":20}}]},"16":{"loc":{"start":{"line":242,"column":8},"end":{"line":242,"column":49}},"type":"if","locations":[{"start":{"line":242,"column":8},"end":{"line":242,"column":49}},{"start":{"line":242,"column":8},"end":{"line":242,"column":49}}]},"17":{"loc":{"start":{"line":242,"column":12},"end":{"line":242,"column":17}},"type":"binary-expr","locations":[{"start":{"line":242,"column":12},"end":{"line":242,"column":17}},{"start":{"line":242,"column":21},"end":{"line":242,"column":35}}]}},"s":{"0":1,"1":1,"2":1,"3":1,"4":25,"5":25,"6":1,"7":2,"8":2,"9":2,"10":1,"11":1,"12":1,"13":6,"14":4,"15":2,"16":2,"17":2,"18":1,"19":1,"20":1,"21":7,"22":7,"23":7,"24":1,"25":6,"26":6,"27":12,"28":0,"29":0,"30":6,"31":4,"32":4,"33":1,"34":3,"35":4,"36":1,"37":5,"38":2,"39":3,"40":3,"41":3,"42":3,"43":2,"44":1,"45":4,"46":1,"47":5,"48":2,"49":3,"50":3,"51":3,"52":2,"53":1,"54":1,"55":1,"56":0,"57":1,"58":1,"59":1,"60":4,"61":1,"62":2,"63":1,"64":1,"65":1,"66":1,"67":1,"68":4,"69":0,"70":2,"71":1,"72":6,"73":1,"74":1,"75":2,"76":2,"77":1,"78":2,"79":1,"80":1,"81":0,"82":0,"83":1,"84":11,"85":2,"86":9,"87":9,"88":9,"89":1,"90":1},"f":{"0":1,"1":25,"2":2,"3":6,"4":7,"5":7,"6":5,"7":5,"8":2,"9":2,"10":3,"11":1,"12":11},"b":{"0":[2],"1":[1,1],"2":[4,2],"3":[1,1],"4":[0,6],"5":[1,6],"6":[6,0],"7":[1,3],"8":[2,3],"9":[2,1],"10":[2,3],"11":[2,1],"12":[0,1],"13":[1],"14":[1,1],"15":[2],"16":[2,9],"17":[11,9]}}
,"C:\\Users\\neta-\\apis\\reva\\neftaly_polanco_p1_api\\src\\util\\validator.ts": {"path":"C:\\Users\\neta-\\apis\\reva\\neftaly_polanco_p1_api\\src\\util\\validator.ts","statementMap":{"0":{"start":{"line":5,"column":13},"end":{"line":7,"column":2}},"1":{"start":{"line":6,"column":4},"end":{"line":6,"column":78}},"2":{"start":{"line":13,"column":13},"end":{"line":15,"column":2}},"3":{"start":{"line":13,"column":31},"end":{"line":13,"column":48}},"4":{"start":{"line":14,"column":4},"end":{"line":14,"column":77}},"5":{"start":{"line":14,"column":31},"end":{"line":14,"column":63}},"6":{"start":{"line":22,"column":13},"end":{"line":27,"column":2}},"7":{"start":{"line":22,"column":43},"end":{"line":22,"column":69}},"8":{"start":{"line":23,"column":4},"end":{"line":26,"column":7}},"9":{"start":{"line":24,"column":8},"end":{"line":24,"column":53}},"10":{"start":{"line":24,"column":41},"end":{"line":24,"column":53}},"11":{"start":{"line":25,"column":8},"end":{"line":25,"column":24}},"12":{"start":{"line":34,"column":13},"end":{"line":53,"column":null}},"13":{"start":{"line":36,"column":4},"end":{"line":38,"column":null}},"14":{"start":{"line":37,"column":8},"end":{"line":37,"column":21}},"15":{"start":{"line":40,"column":22},"end":{"line":42,"column":5}},"16":{"start":{"line":41,"column":8},"end":{"line":41,"column":26}},"17":{"start":{"line":45,"column":4},"end":{"line":49,"column":null}},"18":{"start":{"line":46,"column":8},"end":{"line":46,"column":41}},"19":{"start":{"line":48,"column":8},"end":{"line":48,"column":21}},"20":{"start":{"line":51,"column":4},"end":{"line":51,"column":52}},"21":{"start":{"line":60,"column":4},"end":{"line":60,"column":48}},"22":{"start":{"line":59,"column":0},"end":{"line":59,"column":16}},"23":{"start":{"line":66,"column":0},"end":{"line":72,"column":null}}},"fnMap":{"0":{"name":"(anonymous_0)","decl":{"start":{"line":5,"column":25},"end":{"line":5,"column":26}},"loc":{"start":{"line":5,"column":36},"end":{"line":7,"column":1}}},"1":{"name":"(anonymous_1)","decl":{"start":{"line":13,"column":30},"end":{"line":13,"column":31}},"loc":{"start":{"line":13,"column":30},"end":{"line":15,"column":1}}},"2":{"name":"(anonymous_2)","decl":{"start":{"line":14,"column":24},"end":{"line":14,"column":27}},"loc":{"start":{"line":14,"column":27},"end":{"line":14,"column":32}}},"3":{"name":"(anonymous_3)","decl":{"start":{"line":22,"column":29},"end":{"line":22,"column":30}},"loc":{"start":{"line":22,"column":41},"end":{"line":27,"column":1}}},"4":{"name":"(anonymous_4)","decl":{"start":{"line":23,"column":41},"end":{"line":23,"column":44}},"loc":{"start":{"line":23,"column":44},"end":{"line":26,"column":5}}},"5":{"name":"(anonymous_5)","decl":{"start":{"line":34,"column":28},"end":{"line":34,"column":29}},"loc":{"start":{"line":34,"column":52},"end":{"line":53,"column":1}}},"6":{"name":"(anonymous_6)","decl":{"start":{"line":40,"column":22},"end":{"line":40,"column":26}},"loc":{"start":{"line":40,"column":45},"end":{"line":42,"column":5}}},"7":{"name":"isEmptyObject","decl":{"start":{"line":59,"column":16},"end":{"line":59,"column":29}},"loc":{"start":{"line":59,"column":39},"end":{"line":61,"column":1}}}},"branchMap":{"0":{"loc":{"start":{"line":6,"column":14},"end":{"line":6,"column":16}},"type":"binary-expr","locations":[{"start":{"line":6,"column":14},"end":{"line":6,"column":16}},{"start":{"line":6,"column":20},"end":{"line":6,"column":42}},{"start":{"line":6,"column":46},"end":{"line":6,"column":66}},{"start":{"line":6,"column":70},"end":{"line":6,"column":76}}]},"1":{"loc":{"start":{"line":14,"column":31},"end":{"line":14,"column":35}},"type":"binary-expr","locations":[{"start":{"line":14,"column":31},"end":{"line":14,"column":35}},{"start":{"line":14,"column":39},"end":{"line":14,"column":62}}]},"2":{"loc":{"start":{"line":23,"column":11},"end":{"line":23,"column":14}},"type":"binary-expr","locations":[{"start":{"line":23,"column":11},"end":{"line":23,"column":14}},{"start":{"line":23,"column":18},"end":{"line":26,"column":6}}]},"3":{"loc":{"start":{"line":24,"column":8},"end":{"line":24,"column":53}},"type":"if","locations":[{"start":{"line":24,"column":8},"end":{"line":24,"column":53}},{"start":{"line":24,"column":8},"end":{"line":24,"column":53}}]},"4":{"loc":{"start":{"line":36,"column":4},"end":{"line":38,"column":null}},"type":"if","locations":[{"start":{"line":36,"column":4},"end":{"line":38,"column":null}},{"start":{"line":36,"column":4},"end":{"line":38,"column":null}}]},"5":{"loc":{"start":{"line":36,"column":8},"end":{"line":36,"column":13}},"type":"binary-expr","locations":[{"start":{"line":36,"column":8},"end":{"line":36,"column":13}},{"start":{"line":36,"column":17},"end":{"line":36,"column":22}}]},"6":{"loc":{"start":{"line":60,"column":11},"end":{"line":60,"column":14}},"type":"binary-expr","locations":[{"start":{"line":60,"column":11},"end":{"line":60,"column":14}},{"start":{"line":60,"column":18},"end":{"line":60,"column":47}}]}},"s":{"0":3,"1":27,"2":3,"3":44,"4":11,"5":22,"6":3,"7":45,"8":18,"9":109,"10":9,"11":100,"12":3,"13":20,"14":1,"15":19,"16":19,"17":19,"18":19,"19":3,"20":16,"21":14,"22":3,"23":3},"f":{"0":27,"1":11,"2":22,"3":18,"4":109,"5":20,"6":19,"7":14},"b":{"0":[27,18,18,13],"1":[22,17],"2":[18,18],"3":[9,100],"4":[1,19],"5":[20,20],"6":[14,12]}}
}
