TN:
SF:src\errors\errors.ts
FN:1,(anonymous_6)
FN:8,ApplicationError
FN:15,(anonymous_8)
FN:21,(anonymous_9)
FN:23,ResourcePersistenceError
FN:30,(anonymous_11)
FN:32,ResourceNotFoundError
FN:39,(anonymous_13)
FN:41,BadRequestError
FN:48,(anonymous_15)
FN:50,AuthenticationError
FN:57,(anonymous_17)
FN:59,AuthorizationError
FN:65,(anonymous_19)
FN:67,InternalServerError
FN:74,(anonymous_21)
FN:76,NotImplementedError
FNF:17
FNH:15
FNDA:4,(anonymous_6)
FNDA:40,ApplicationError
FNDA:40,(anonymous_8)
FNDA:4,(anonymous_9)
FNDA:2,ResourcePersistenceError
FNDA:4,(anonymous_11)
FNDA:6,ResourceNotFoundError
FNDA:4,(anonymous_13)
FNDA:21,BadRequestError
FNDA:4,(anonymous_15)
FNDA:2,AuthenticationError
FNDA:4,(anonymous_17)
FNDA:0,AuthorizationError
FNDA:4,(anonymous_19)
FNDA:9,InternalServerError
FNDA:4,(anonymous_21)
FNDA:0,NotImplementedError
DA:1,4
DA:9,40
DA:10,40
DA:11,40
DA:12,40
DA:15,4
DA:16,40
DA:19,4
DA:21,4
DA:24,2
DA:25,2
DA:28,4
DA:30,4
DA:33,6
DA:34,6
DA:37,4
DA:39,4
DA:42,21
DA:43,21
DA:46,4
DA:48,4
DA:51,2
DA:52,2
DA:55,4
DA:57,4
DA:60,0
DA:61,0
DA:64,4
DA:65,4
DA:68,9
DA:69,9
DA:72,4
DA:74,4
DA:77,0
DA:78,0
DA:81,4
DA:84,4
DA:85,4
DA:86,4
DA:87,4
DA:88,4
DA:89,4
DA:90,4
LF:43
LH:39
BRDA:12,0,0,11
BRDA:12,0,1,29
BRDA:24,1,0,2
BRDA:24,1,1,2
BRDA:33,2,0,6
BRDA:33,2,1,6
BRDA:42,3,0,21
BRDA:42,3,1,21
BRDA:51,4,0,2
BRDA:51,4,1,2
BRDA:60,5,0,0
BRDA:60,5,1,0
BRDA:68,6,0,9
BRDA:68,6,1,9
BRDA:77,7,0,0
BRDA:77,7,1,0
BRF:16
BRH:12
end_of_record
TN:
SF:src\models\reimbursement.ts
FN:1,(anonymous_0)
FN:14,Reimbursement
FNF:2
FNH:2
FNDA:2,(anonymous_0)
FNDA:25,Reimbursement
DA:1,2
DA:17,25
DA:18,25
DA:19,25
DA:20,25
DA:21,25
DA:22,25
DA:23,25
DA:24,25
DA:25,25
DA:26,25
DA:28,2
LF:12
LH:12
BRF:0
BRH:0
end_of_record
TN:
SF:src\models\user.ts
FN:1,(anonymous_0)
FN:10,User
FNF:2
FNH:2
FNDA:3,(anonymous_0)
FNDA:32,User
DA:1,3
DA:11,32
DA:12,32
DA:13,32
DA:14,32
DA:15,32
DA:16,32
DA:17,32
DA:19,3
LF:9
LH:9
BRF:0
BRH:0
end_of_record
TN:
SF:src\repos\reimbursement-repo.ts
FN:9,(anonymous_13)
FN:43,(anonymous_15)
FN:70,(anonymous_18)
FN:95,(anonymous_21)
FN:129,(anonymous_24)
FN:163,(anonymous_27)
FN:202,(anonymous_30)
FN:244,(anonymous_33)
FNF:8
FNH:8
FNDA:2,(anonymous_13)
FNDA:3,(anonymous_15)
FNDA:3,(anonymous_18)
FNDA:3,(anonymous_21)
FNDA:4,(anonymous_24)
FNDA:3,(anonymous_27)
FNDA:2,(anonymous_30)
FNDA:2,(anonymous_33)
DA:3,1
DA:5,1
DA:6,1
DA:9,1
DA:11,1
DA:43,1
DA:48,3
DA:50,3
DA:52,3
DA:54,2
DA:58,1
DA:60,3
DA:70,1
DA:74,3
DA:76,3
DA:78,3
DA:80,3
DA:83,1
DA:85,3
DA:95,1
DA:99,3
DA:101,3
DA:102,3
DA:103,6
DA:104,0
DA:105,0
DA:107,6
DA:108,0
DA:109,0
DA:113,3
DA:116,3
DA:117,2
DA:119,1
DA:121,3
DA:129,1
DA:132,4
DA:133,6
DA:135,2
DA:136,2
DA:137,1
DA:138,3
DA:140,1
DA:141,1
DA:143,1
DA:144,1
DA:145,1
DA:146,1
DA:147,1
DA:152,1
DA:154,4
DA:163,1
DA:167,3
DA:169,3
DA:170,2
DA:175,2
DA:182,4
DA:187,2
DA:190,1
DA:192,3
DA:202,1
DA:206,2
DA:208,2
DA:209,1
DA:215,1
DA:223,2
DA:229,1
DA:233,1
DA:235,2
DA:244,1
DA:249,2
DA:250,2
DA:251,3
DA:252,1
DA:255,1
DA:257,2
DA:260,1
LF:76
LH:72
BRDA:60,0,0,3
BRDA:60,0,1,3
BRDA:85,1,0,3
BRDA:85,1,1,3
BRDA:103,2,0,3
BRDA:103,2,1,0
BRDA:107,3,0,3
BRDA:107,3,1,0
BRDA:121,4,0,3
BRDA:121,4,1,3
BRDA:133,5,0,2
BRDA:133,5,1,2
BRDA:133,6,0,4
BRDA:133,6,1,3
BRDA:138,7,0,1
BRDA:138,7,1,1
BRDA:144,8,0,0
BRDA:144,8,1,1
BRDA:154,9,0,4
BRDA:154,9,1,4
BRDA:192,10,0,3
BRDA:192,10,1,3
BRDA:235,11,0,2
BRDA:235,11,1,2
BRDA:257,12,0,2
BRDA:257,12,1,2
BRF:26
BRH:23
end_of_record
TN:
SF:src\repos\user-repo.ts
FN:8,(anonymous_13)
FN:28,(anonymous_15)
FN:49,(anonymous_18)
FN:69,(anonymous_21)
FN:98,(anonymous_24)
FN:120,(anonymous_27)
FN:157,(anonymous_30)
FN:185,(anonymous_33)
FNF:8
FNH:7
FNDA:2,(anonymous_13)
FNDA:3,(anonymous_15)
FNDA:2,(anonymous_18)
FNDA:1,(anonymous_21)
FNDA:1,(anonymous_24)
FNDA:1,(anonymous_27)
FNDA:0,(anonymous_30)
FNDA:1,(anonymous_33)
DA:3,1
DA:5,1
DA:6,1
DA:8,1
DA:10,1
DA:28,1
DA:33,3
DA:34,3
DA:35,3
DA:36,2
DA:38,1
DA:40,3
DA:49,1
DA:52,2
DA:53,2
DA:54,2
DA:55,2
DA:57,1
DA:59,2
DA:69,1
DA:73,1
DA:74,1
DA:77,1
DA:81,1
DA:83,0
DA:85,1
DA:98,1
DA:103,1
DA:104,1
DA:105,1
DA:106,1
DA:108,0
DA:110,1
DA:120,1
DA:125,1
DA:130,1
DA:131,1
DA:134,1
DA:136,1
DA:139,1
DA:140,1
DA:142,1
DA:145,0
DA:147,1
DA:157,1
DA:161,0
DA:164,0
DA:165,0
DA:168,0
DA:171,0
DA:174,0
DA:176,0
DA:185,1
DA:190,1
DA:191,1
DA:192,2
DA:193,1
DA:196,0
DA:198,1
DA:201,1
LF:60
LH:49
BRDA:40,0,0,3
BRDA:40,0,1,3
BRDA:59,1,0,2
BRDA:59,1,1,2
BRDA:85,2,0,1
BRDA:85,2,1,1
BRDA:110,3,0,1
BRDA:110,3,1,1
BRDA:147,4,0,1
BRDA:147,4,1,1
BRDA:161,5,0,0
BRDA:176,6,0,0
BRDA:176,6,1,0
BRDA:198,7,0,1
BRDA:198,7,1,1
BRF:15
BRH:12
end_of_record
TN:
SF:src\services\reimbursement-service.ts
FN:12,(anonymous_15)
FN:14,ReimbursementService
FN:22,(anonymous_17)
FN:39,(anonymous_20)
FN:66,(anonymous_23)
FN:71,(anonymous_26)
FN:98,(anonymous_27)
FN:112,(anonymous_30)
FN:135,(anonymous_33)
FN:153,(anonymous_36)
FNF:10
FNH:10
FNDA:1,(anonymous_15)
FNDA:23,ReimbursementService
FNDA:2,(anonymous_17)
FNDA:7,(anonymous_20)
FNDA:5,(anonymous_23)
FNDA:5,(anonymous_26)
FNDA:1,(anonymous_27)
FNDA:2,(anonymous_30)
FNDA:5,(anonymous_33)
FNDA:2,(anonymous_36)
DA:1,1
DA:3,1
DA:9,1
DA:12,1
DA:14,23
DA:15,23
DA:22,1
DA:24,2
DA:26,2
DA:27,1
DA:30,1
DA:39,1
DA:43,7
DA:44,4
DA:47,3
DA:49,3
DA:50,1
DA:53,2
DA:56,5
DA:66,1
DA:69,5
DA:71,5
DA:72,2
DA:76,3
DA:77,3
DA:80,5
DA:81,1
DA:85,2
DA:87,2
DA:88,1
DA:91,1
DA:94,3
DA:98,1
DA:100,1
DA:101,1
DA:102,1
DA:104,1
DA:112,1
DA:116,2
DA:117,1
DA:120,1
DA:122,1
DA:124,1
DA:135,1
DA:137,5
DA:138,3
DA:141,2
DA:143,3
DA:153,1
DA:155,2
DA:156,1
DA:159,1
DA:162,1
LF:53
LH:53
BRDA:24,0,0,2
BRDA:26,1,0,1
BRDA:26,1,1,1
BRDA:43,2,0,4
BRDA:43,2,1,3
BRDA:49,3,0,1
BRDA:49,3,1,2
BRDA:81,4,0,1
BRDA:81,4,1,2
BRDA:71,5,0,2
BRDA:71,5,1,3
BRDA:80,6,0,2
BRDA:80,6,1,1
BRDA:87,7,0,1
BRDA:87,7,1,1
BRDA:116,8,0,1
BRDA:116,8,1,1
BRDA:141,9,0,2
BRDA:137,10,0,3
BRDA:137,10,1,2
BRDA:159,11,0,1
BRDA:155,12,0,1
BRDA:155,12,1,1
BRF:23
BRH:23
end_of_record
TN:
SF:src\services\user-service.ts
FN:15,(anonymous_15)
FN:16,UserService
FN:24,(anonymous_17)
FN:39,(anonymous_20)
FN:59,(anonymous_23)
FN:64,(anonymous_26)
FN:97,(anonymous_27)
FN:128,(anonymous_30)
FN:167,(anonymous_33)
FN:187,(anonymous_36)
FN:204,(anonymous_39)
FN:223,(anonymous_42)
FN:241,(anonymous_45)
FNF:13
FNH:13
FNDA:1,(anonymous_15)
FNDA:25,UserService
FNDA:2,(anonymous_17)
FNDA:6,(anonymous_20)
FNDA:7,(anonymous_23)
FNDA:7,(anonymous_26)
FNDA:5,(anonymous_27)
FNDA:5,(anonymous_30)
FNDA:2,(anonymous_33)
FNDA:2,(anonymous_36)
FNDA:3,(anonymous_39)
FNDA:1,(anonymous_42)
FNDA:11,(anonymous_45)
DA:1,1
DA:3,1
DA:4,1
DA:15,1
DA:16,25
DA:17,25
DA:24,1
DA:26,2
DA:28,2
DA:29,1
DA:31,1
DA:39,1
DA:40,6
DA:41,4
DA:44,2
DA:47,2
DA:48,1
DA:51,1
DA:59,1
DA:62,7
DA:64,7
DA:65,1
DA:69,6
DA:70,6
DA:73,12
DA:74,0
DA:77,6
DA:80,4
DA:81,1
DA:84,3
DA:87,4
DA:97,1
DA:102,5
DA:103,2
DA:106,3
DA:108,3
DA:111,3
DA:112,2
DA:115,1
DA:118,4
DA:128,1
DA:133,5
DA:134,2
DA:138,3
DA:140,3
DA:141,2
DA:145,1
DA:147,1
DA:148,0
DA:152,1
DA:154,1
DA:157,4
DA:167,1
DA:171,2
DA:172,1
DA:175,1
DA:177,1
DA:187,1
DA:191,4
DA:194,0
DA:196,2
DA:204,1
DA:207,6
DA:209,1
DA:210,1
DA:213,2
DA:214,2
DA:223,1
DA:226,2
DA:228,1
DA:229,1
DA:232,0
DA:233,0
DA:241,1
DA:242,11
DA:243,9
DA:244,9
DA:245,9
DA:247,1
LF:79
LH:74
BRDA:26,0,0,2
BRDA:28,1,0,1
BRDA:28,1,1,1
BRDA:40,2,0,4
BRDA:40,2,1,2
BRDA:47,3,0,1
BRDA:47,3,1,1
BRDA:74,4,0,0
BRDA:74,4,1,6
BRDA:64,5,0,1
BRDA:64,5,1,6
BRDA:73,6,0,6
BRDA:73,6,1,0
BRDA:80,7,0,1
BRDA:80,7,1,3
BRDA:102,8,0,2
BRDA:102,8,1,3
BRDA:111,9,0,2
BRDA:111,9,1,1
BRDA:133,10,0,2
BRDA:133,10,1,3
BRDA:140,11,0,2
BRDA:140,11,1,1
BRDA:147,12,0,0
BRDA:147,12,1,1
BRDA:175,13,0,1
BRDA:171,14,0,1
BRDA:171,14,1,1
BRDA:196,15,0,2
BRDA:242,16,0,2
BRDA:242,16,1,9
BRDA:242,17,0,11
BRDA:242,17,1,9
BRF:33
BRH:30
end_of_record
TN:
SF:src\util\validator.ts
FN:5,(anonymous_0)
FN:13,(anonymous_1)
FN:14,(anonymous_2)
FN:22,(anonymous_3)
FN:23,(anonymous_4)
FN:34,(anonymous_5)
FN:40,(anonymous_6)
FN:59,isEmptyObject
FNF:8
FNH:8
FNDA:27,(anonymous_0)
FNDA:11,(anonymous_1)
FNDA:22,(anonymous_2)
FNDA:18,(anonymous_3)
FNDA:109,(anonymous_4)
FNDA:20,(anonymous_5)
FNDA:19,(anonymous_6)
FNDA:14,isEmptyObject
DA:5,3
DA:6,27
DA:13,44
DA:14,22
DA:22,45
DA:23,18
DA:24,109
DA:25,100
DA:34,3
DA:36,20
DA:37,1
DA:40,19
DA:41,19
DA:45,19
DA:46,19
DA:48,3
DA:51,16
DA:59,3
DA:60,14
DA:66,3
LF:20
LH:20
BRDA:6,0,0,27
BRDA:6,0,1,18
BRDA:6,0,2,18
BRDA:6,0,3,13
BRDA:14,1,0,22
BRDA:14,1,1,17
BRDA:23,2,0,18
BRDA:23,2,1,18
BRDA:24,3,0,9
BRDA:24,3,1,100
BRDA:36,4,0,1
BRDA:36,4,1,19
BRDA:36,5,0,20
BRDA:36,5,1,20
BRDA:60,6,0,14
BRDA:60,6,1,12
BRF:16
BRH:16
end_of_record
